# JRE version: OpenJDK Runtime Environment (23.0.2+7) (build 23.0.2+7-58)
# Java VM: OpenJDK 64-Bit Server VM (23.0.2+7-58, mixed mode, sharing, tiered, compressed oops, compressed class ptrs, g1 gc, windows-amd64)
GC Precious Log:
 CardTable entry size: 512
 Card Set container configuration: InlinePtr #cards 5 size 8 Array Of Cards #cards 10 size 36 Howl #buckets 4 coarsen threshold 1843 Howl Bitmap #cards 512 size 80 coarsen threshold 460 Card regions per heap region 1 cards per card region 2048
 CPUs: 8 total, 8 available
 Memory: 8068M
 Large Page Support: Disabled
 NUMA Support: Disabled
 Compressed Oops: Enabled (32-bit)
 Heap Region Size: 1M
 Heap Min Capacity: 8M
 Heap Initial Capacity: 128M
 Heap Max Capacity: 2018M
 Pre-touch: Disabled
 Parallel Workers: 8
 Concurrent Workers: 2
 Concurrent Refinement Workers: 8
 Periodic GC: Disabled
Heap:
 garbage-first heap   total reserved 2066432K, committed 102400K, used 79872K [0x0000000081e00000, 0x0000000100000000)
  region size 1024K, 44 young (45056K), 6 survivors (6144K)
 Metaspace       used 28633K, committed 28928K, reserved 1114112K
  class space    used 3224K, committed 3328K, reserved 1048576K
GC Heap History (18 events):
Event: 0.863 GC heap before
{Heap before GC invocations=0 (full 0):
 garbage-first heap   total reserved 2066432K, committed 131072K, used 24576K [0x0000000081e00000, 0x0000000100000000)
  region size 1024K, 24 young (24576K), 0 survivors (0K)
 Metaspace       used 5820K, committed 5952K, reserved 1114112K
  class space    used 555K, committed 640K, reserved 1048576K
}
Event: 0.869 GC heap after
{Heap after GC invocations=1 (full 0):
 garbage-first heap   total reserved 2066432K, committed 131072K, used 7924K [0x0000000081e00000, 0x0000000100000000)
  region size 1024K, 3 young (3072K), 3 survivors (3072K)
 Metaspace       used 5820K, committed 5952K, reserved 1114112K
  class space    used 555K, committed 640K, reserved 1048576K
}
Event: 1.438 GC heap before
{Heap before GC invocations=1 (full 0):
 garbage-first heap   total reserved 2066432K, committed 131072K, used 29428K [0x0000000081e00000, 0x0000000100000000)
  region size 1024K, 24 young (24576K), 3 survivors (3072K)
 Metaspace       used 8456K, committed 8640K, reserved 1114112K
  class space    used 821K, committed 896K, reserved 1048576K
}
Event: 1.448 GC heap after
{Heap after GC invocations=2 (full 0):
 garbage-first heap   total reserved 2066432K, committed 131072K, used 13023K [0x0000000081e00000, 0x0000000100000000)
  region size 1024K, 3 young (3072K), 3 survivors (3072K)
 Metaspace       used 8456K, committed 8640K, reserved 1114112K
  class space    used 821K, committed 896K, reserved 1048576K
}
Event: 5.254 GC heap before
{Heap before GC invocations=2 (full 0):
 garbage-first heap   total reserved 2066432K, committed 131072K, used 55007K [0x0000000081e00000, 0x0000000100000000)
  region size 1024K, 45 young (46080K), 3 survivors (3072K)
 Metaspace       used 17567K, committed 17792K, reserved 1114112K
  class space    used 1812K, committed 1920K, reserved 1048576K
}
Event: 5.265 GC heap after
{Heap after GC invocations=3 (full 0):
 garbage-first heap   total reserved 2066432K, committed 131072K, used 19153K [0x0000000081e00000, 0x0000000100000000)
  region size 1024K, 6 young (6144K), 6 survivors (6144K)
 Metaspace       used 17567K, committed 17792K, reserved 1114112K
  class space    used 1812K, committed 1920K, reserved 1048576K
}
Event: 5.874 GC heap before
{Heap before GC invocations=3 (full 0):
 garbage-first heap   total reserved 2066432K, committed 131072K, used 74449K [0x0000000081e00000, 0x0000000100000000)
  region size 1024K, 60 young (61440K), 6 survivors (6144K)
 Metaspace       used 19480K, committed 19712K, reserved 1114112K
  class space    used 2036K, committed 2176K, reserved 1048576K
}
Event: 5.886 GC heap after
{Heap after GC invocations=4 (full 0):
 garbage-first heap   total reserved 2066432K, committed 131072K, used 23993K [0x0000000081e00000, 0x0000000100000000)
  region size 1024K, 8 young (8192K), 8 survivors (8192K)
 Metaspace       used 19480K, committed 19712K, reserved 1114112K
  class space    used 2036K, committed 2176K, reserved 1048576K
}
Event: 6.433 GC heap before
{Heap before GC invocations=4 (full 0):
 garbage-first heap   total reserved 2066432K, committed 131072K, used 68025K [0x0000000081e00000, 0x0000000100000000)
  region size 1024K, 52 young (53248K), 8 survivors (8192K)
 Metaspace       used 21367K, committed 21504K, reserved 1114112K
  class space    used 2181K, committed 2240K, reserved 1048576K
}
Event: 6.445 GC heap after
{Heap after GC invocations=5 (full 0):
 garbage-first heap   total reserved 2066432K, committed 131072K, used 30720K [0x0000000081e00000, 0x0000000100000000)
  region size 1024K, 7 young (7168K), 7 survivors (7168K)
 Metaspace       used 21367K, committed 21504K, reserved 1114112K
  class space    used 2181K, committed 2240K, reserved 1048576K
}
Event: 7.236 GC heap before
{Heap before GC invocations=6 (full 0):
 garbage-first heap   total reserved 2066432K, committed 102400K, used 84992K [0x0000000081e00000, 0x0000000100000000)
  region size 1024K, 60 young (61440K), 7 survivors (7168K)
 Metaspace       used 23098K, committed 23360K, reserved 1114112K
  class space    used 2455K, committed 2560K, reserved 1048576K
}
Event: 7.248 GC heap after
{Heap after GC invocations=7 (full 0):
 garbage-first heap   total reserved 2066432K, committed 102400K, used 35802K [0x0000000081e00000, 0x0000000100000000)
  region size 1024K, 5 young (5120K), 5 survivors (5120K)
 Metaspace       used 23098K, committed 23360K, reserved 1114112K
  class space    used 2455K, committed 2560K, reserved 1048576K
}
Event: 8.075 GC heap before
{Heap before GC invocations=7 (full 0):
 garbage-first heap   total reserved 2066432K, committed 102400K, used 78810K [0x0000000081e00000, 0x0000000100000000)
  region size 1024K, 47 young (48128K), 5 survivors (5120K)
 Metaspace       used 24535K, committed 24768K, reserved 1114112K
  class space    used 2661K, committed 2816K, reserved 1048576K
}
Event: 8.082 GC heap after
{Heap after GC invocations=8 (full 0):
 garbage-first heap   total reserved 2066432K, committed 102400K, used 37201K [0x0000000081e00000, 0x0000000100000000)
  region size 1024K, 3 young (3072K), 3 survivors (3072K)
 Metaspace       used 24535K, committed 24768K, reserved 1114112K
  class space    used 2661K, committed 2816K, reserved 1048576K
}
Event: 8.558 GC heap before
{Heap before GC invocations=8 (full 0):
 garbage-first heap   total reserved 2066432K, committed 102400K, used 81233K [0x0000000081e00000, 0x0000000100000000)
  region size 1024K, 46 young (47104K), 3 survivors (3072K)
 Metaspace       used 26291K, committed 26560K, reserved 1114112K
  class space    used 2936K, committed 3072K, reserved 1048576K
}
Event: 8.563 GC heap after
{Heap after GC invocations=9 (full 0):
 garbage-first heap   total reserved 2066432K, committed 102400K, used 39543K [0x0000000081e00000, 0x0000000100000000)
  region size 1024K, 5 young (5120K), 5 survivors (5120K)
 Metaspace       used 26291K, committed 26560K, reserved 1114112K
  class space    used 2936K, committed 3072K, reserved 1048576K
}
Event: 17.315 GC heap before
{Heap before GC invocations=9 (full 0):
 garbage-first heap   total reserved 2066432K, committed 102400K, used 84599K [0x0000000081e00000, 0x0000000100000000)
  region size 1024K, 49 young (50176K), 5 survivors (5120K)
 Metaspace       used 27992K, committed 28288K, reserved 1114112K
  class space    used 3176K, committed 3328K, reserved 1048576K
}
Event: 17.322 GC heap after
{Heap after GC invocations=10 (full 0):
 garbage-first heap   total reserved 2066432K, committed 102400K, used 43008K [0x0000000081e00000, 0x0000000100000000)
  region size 1024K, 6 young (6144K), 6 survivors (6144K)
 Metaspace       used 27992K, committed 28288K, reserved 1114112K
  class space    used 3176K, committed 3328K, reserved 1048576K
}

