<?xml version="1.0" encoding="UTF-8"?>
<!-- Generated by org.testng.reporters.JUnitXMLReporter -->
<testsuite hostname="DFWQB9R2" name="SAW" tests="112" failures="0" timestamp="9 Apr 2019 17:04:24 GMT" time="16324.427" errors="0">
  <testcase name="addCreditBankDeatils_CreditAccountTC" time="92.559" classname="com.scripts.noen.CashierAndManagerTC.CreditAccountTestCases">
    <skipped/>
  </testcase> <!-- addCreditBankDeatils_CreditAccountTC -->
  <testcase name="addCreditBankDeatils_CreditAccountTC" time="16.23" classname="com.scripts.noen.CashierAndManagerTC.CreditAccountTestCases">
    <failure type="org.openqa.selenium.WebDriverException" message="org.apache.http.conn.HttpHostConnectException: Connect to localhost:21009 [localhost/127.0.0.1, localhost/0:0:0:0:0:0:0:1] failed: Connection refused: connect
Build info: version: &amp;apos;3.7.1&amp;apos;, revision: &amp;apos;8a0099a&amp;apos;, time: &amp;apos;2017-11-06T21:01:39.354Z&amp;apos;
System info: host: &amp;apos;DFWQB9R2&amp;apos;, ip: &amp;apos;192.168.156.88&amp;apos;, os.name: &amp;apos;Windows 10&amp;apos;, os.arch: &amp;apos;amd64&amp;apos;, os.version: &amp;apos;10.0&amp;apos;, java.version: &amp;apos;1.8.0_162&amp;apos;
Driver info: driver.version: RemoteWebDriver">
      <![CDATA[org.openqa.selenium.WebDriverException: org.apache.http.conn.HttpHostConnectException: Connect to localhost:21009 [localhost/127.0.0.1, localhost/0:0:0:0:0:0:0:1] failed: Connection refused: connect
Build info: version: '3.7.1', revision: '8a0099a', time: '2017-11-06T21:01:39.354Z'
System info: host: 'DFWQB9R2', ip: '192.168.156.88', os.name: 'Windows 10', os.arch: 'amd64', os.version: '10.0', java.version: '1.8.0_162'
Driver info: driver.version: RemoteWebDriver
	at org.openqa.selenium.remote.service.DriverCommandExecutor.execute(DriverCommandExecutor.java:92)
	at org.openqa.selenium.remote.RemoteWebDriver.execute(RemoteWebDriver.java:600)
	at org.openqa.selenium.remote.RemoteWebDriver.findElements(RemoteWebDriver.java:397)
	at org.openqa.selenium.remote.RemoteWebDriver.findElementsByXPath(RemoteWebDriver.java:476)
	at org.openqa.selenium.By$ByXPath.findElements(By.java:356)
	at org.openqa.selenium.remote.RemoteWebDriver.findElements(RemoteWebDriver.java:358)
	at org.openqa.selenium.support.ui.ExpectedConditions.findElement(ExpectedConditions.java:881)
	at org.openqa.selenium.support.ui.ExpectedConditions.access$000(ExpectedConditions.java:43)
	at org.openqa.selenium.support.ui.ExpectedConditions$7.apply(ExpectedConditions.java:205)
	at org.openqa.selenium.support.ui.ExpectedConditions$7.apply(ExpectedConditions.java:201)
	at org.openqa.selenium.support.ui.FluentWait.until(FluentWait.java:208)
	at com.generic.WrapperFunctions.click(WrapperFunctions.java:730)
	at com.pageFactory.desktopReception.login_PF.login(login_PF.java:51)
	at com.scripts.noen.CashierAndManagerTC.CreditAccountTestCases.addCreditBankDeatils_CreditAccountTC(CreditAccountTestCases.java:36)
Caused by: org.apache.http.conn.HttpHostConnectException: Connect to localhost:21009 [localhost/127.0.0.1, localhost/0:0:0:0:0:0:0:1] failed: Connection refused: connect
	at org.apache.http.impl.conn.DefaultHttpClientConnectionOperator.connect(DefaultHttpClientConnectionOperator.java:159)
	at org.apache.http.impl.conn.PoolingHttpClientConnectionManager.connect(PoolingHttpClientConnectionManager.java:359)
	at org.apache.http.impl.execchain.MainClientExec.establishRoute(MainClientExec.java:381)
	at org.apache.http.impl.execchain.MainClientExec.execute(MainClientExec.java:237)
	at org.apache.http.impl.execchain.ProtocolExec.execute(ProtocolExec.java:185)
	at org.apache.http.impl.execchain.RetryExec.execute(RetryExec.java:89)
	at org.apache.http.impl.execchain.RedirectExec.execute(RedirectExec.java:111)
	at org.apache.http.impl.client.InternalHttpClient.doExecute(InternalHttpClient.java:185)
	at org.apache.http.impl.client.CloseableHttpClient.execute(CloseableHttpClient.java:72)
	at org.apache.http.impl.client.CloseableHttpClient.execute(CloseableHttpClient.java:56)
	at org.openqa.selenium.remote.internal.ApacheHttpClient.fallBackExecute(ApacheHttpClient.java:138)
	at org.openqa.selenium.remote.internal.ApacheHttpClient.execute(ApacheHttpClient.java:86)
	at org.openqa.selenium.remote.HttpCommandExecutor.execute(HttpCommandExecutor.java:161)
	at org.openqa.selenium.remote.service.DriverCommandExecutor.execute(DriverCommandExecutor.java:83)
	... 46 more
Caused by: java.net.ConnectException: Connection refused: connect
	at java.net.DualStackPlainSocketImpl.waitForConnect(Native Method)
	at java.net.DualStackPlainSocketImpl.socketConnect(DualStackPlainSocketImpl.java:85)
	at java.net.AbstractPlainSocketImpl.doConnect(AbstractPlainSocketImpl.java:350)
	at java.net.AbstractPlainSocketImpl.connectToAddress(AbstractPlainSocketImpl.java:206)
	at java.net.AbstractPlainSocketImpl.connect(AbstractPlainSocketImpl.java:188)
	at java.net.PlainSocketImpl.connect(PlainSocketImpl.java:172)
	at java.net.SocksSocketImpl.connect(SocksSocketImpl.java:392)
	at java.net.Socket.connect(Socket.java:589)
	at org.apache.http.conn.socket.PlainConnectionSocketFactory.connectSocket(PlainConnectionSocketFactory.java:75)
	at org.apache.http.impl.conn.DefaultHttpClientConnectionOperator.connect(DefaultHttpClientConnectionOperator.java:142)
	... 59 more
... Removed 33 stack frames]]>
    </failure>
  </testcase> <!-- addCreditBankDeatils_CreditAccountTC -->
  <testcase name="addDebitCardAsElectronic" time="207.121" classname="com.scripts.desktopReception.CreditTransactions001"/>
  <testcase name="VerifyAddDebitCardManualSameCard" time="212.635" classname="com.scripts.noen.CashierAndManagerTC.AddDebitCardManualSameCard"/>
  <testcase name="ViewVoidDebitCard" time="168.246" classname="com.scripts.noen.CashierAndManagerTC.AddDebitCardManualSameCard">
    <skipped/>
  </testcase> <!-- ViewVoidDebitCard -->
  <testcase name="ViewVoidDebitCard" time="34.174" classname="com.scripts.noen.CashierAndManagerTC.AddDebitCardManualSameCard">
    <failure type="org.openqa.selenium.TimeoutException" message="Expected condition failed: waiting for visibility of element located by By.cssSelector: a#DebitCards_ViewDebitCard_Menu (tried for 30 second(s) with 500 MILLISECONDS interval)
Build info: version: &amp;apos;3.7.1&amp;apos;, revision: &amp;apos;8a0099a&amp;apos;, time: &amp;apos;2017-11-06T21:01:39.354Z&amp;apos;
System info: host: &amp;apos;DFWQB9R2&amp;apos;, ip: &amp;apos;192.168.156.88&amp;apos;, os.name: &amp;apos;Windows 10&amp;apos;, os.arch: &amp;apos;amd64&amp;apos;, os.version: &amp;apos;10.0&amp;apos;, java.version: &amp;apos;1.8.0_162&amp;apos;
Driver info: org.openqa.selenium.ie.InternetExplorerDriver
Capabilities {browserAttachTimeout: 0, browserName: internet explorer, elementScrollBehavior: 0, enableElementCacheCleanup: true, enablePersistentHover: true, ie.browserCommandLineSwitches: , ie.enableFullPageScreenshot: true, ie.ensureCleanSession: false, ie.fileUploadDialogTimeout: 3000, ie.forceCreateProcessApi: false, ie.forceShellWindowsApi: false, ignoreProtectedModeSettings: true, ignoreZoomSetting: false, initialBrowserUrl: http://localhost:34169/, javascriptEnabled: true, nativeEvents: true, pageLoadStrategy: normal, platform: WINDOWS, platformName: WINDOWS, requireWindowFocus: false, unexpectedAlertBehaviour: dismiss, unhandledPromptBehavior: dismiss, version: 11}
Session ID: 5aa1fba0-2638-4f43-a23b-78c9a7bfea72">
      <![CDATA[org.openqa.selenium.TimeoutException: Expected condition failed: waiting for visibility of element located by By.cssSelector: a#DebitCards_ViewDebitCard_Menu (tried for 30 second(s) with 500 MILLISECONDS interval)
Build info: version: '3.7.1', revision: '8a0099a', time: '2017-11-06T21:01:39.354Z'
System info: host: 'DFWQB9R2', ip: '192.168.156.88', os.name: 'Windows 10', os.arch: 'amd64', os.version: '10.0', java.version: '1.8.0_162'
Driver info: org.openqa.selenium.ie.InternetExplorerDriver
Capabilities {browserAttachTimeout: 0, browserName: internet explorer, elementScrollBehavior: 0, enableElementCacheCleanup: true, enablePersistentHover: true, ie.browserCommandLineSwitches: , ie.enableFullPageScreenshot: true, ie.ensureCleanSession: false, ie.fileUploadDialogTimeout: 3000, ie.forceCreateProcessApi: false, ie.forceShellWindowsApi: false, ignoreProtectedModeSettings: true, ignoreZoomSetting: false, initialBrowserUrl: http://localhost:34169/, javascriptEnabled: true, nativeEvents: true, pageLoadStrategy: normal, platform: WINDOWS, platformName: WINDOWS, requireWindowFocus: false, unexpectedAlertBehaviour: dismiss, unhandledPromptBehavior: dismiss, version: 11}
Session ID: 5aa1fba0-2638-4f43-a23b-78c9a7bfea72
	at org.openqa.selenium.support.ui.WebDriverWait.timeoutException(WebDriverWait.java:82)
	at org.openqa.selenium.support.ui.FluentWait.until(FluentWait.java:231)
	at com.generic.WrapperFunctions.click(WrapperFunctions.java:730)
	at com.pageFactory.CashierManagerTC.TopNavigation_Credit.NavigteToViewDebitCards(TopNavigation_Credit.java:783)
	at com.scripts.noen.CashierAndManagerTC.AddDebitCardManualSameCard.ViewVoidDebitCard(AddDebitCardManualSameCard.java:48)
... Removed 33 stack frames]]>
    </failure>
  </testcase> <!-- ViewVoidDebitCard -->
  <testcase name="chequeAddViewVoid" time="292.249" classname="com.scripts.noen.CashierAndManagerTC.cheque_addViewVoidClear">
    <skipped/>
  </testcase> <!-- chequeAddViewVoid -->
  <testcase name="chequeAddViewVoid" time="121.382" classname="com.scripts.noen.CashierAndManagerTC.cheque_addViewVoidClear">
    <failure type="java.lang.AssertionError" message="expected [true] but found [false]">
      <![CDATA[java.lang.AssertionError: expected [true] but found [false]
	at com.generic.Utilities.addAssertTakeScreenShot(Utilities.java:383)
	at com.generic.Utilities.logReporter(Utilities.java:307)
	at com.pageFactory.desktopReception.login_PF.login(login_PF.java:49)
	at com.scripts.noen.CashierAndManagerTC.cheque_addViewVoidClear.chequeAddViewVoid(cheque_addViewVoidClear.java:28)
... Removed 37 stack frames]]>
    </failure>
  </testcase> <!-- chequeAddViewVoid -->
  <testcase name="globalCashAddViewVoid" time="169.403" classname="com.scripts.noen.CashierAndManagerTC.GlobalCash_AddViewVoid"/>
  <testcase name="viewCreditDetails" time="48.274" classname="com.scripts.desktopReception.customerProfile_ViewCreditDetail"/>
  <testcase name="DeleteCustomerProfile" time="62.56" classname="com.scripts.desktopReception.customerProfile_Delete"/>
  <testcase name="AddViewGroupwideDeleteMessage" time="167.514" classname="com.scripts.desktopReception.customerProfile_AddViewDeleteMessage"/>
  <testcase name="AddLocalMessageToCustomerProfile" time="74.333" classname="com.scripts.desktopReception.CustomerProfileAddLocalMessage"/>
  <testcase name="viewcashier_AssetEntryDetails" time="76.513" classname="com.scripts.desktopReception.cashier_AssetEntry"/>
  <testcase name="verifyDepositOn" time="99.019" classname="com.scripts.desktopReception.depositOnOff"/>
  <testcase name="verifyDepositOff" time="35.363" classname="com.scripts.desktopReception.depositOnOff">
    <skipped/>
  </testcase> <!-- verifyDepositOff -->
  <testcase name="verifyDepositOff" time="34.62" classname="com.scripts.desktopReception.depositOnOff">
    <failure type="org.openqa.selenium.TimeoutException" message="Expected condition failed: waiting for visibility of element located by By.xpath: //li[@id=&amp;apos;Cashdesk_Deposits_Menu&amp;apos;]//a[contains(.,&amp;apos;Deposits&amp;apos;)] (tried for 30 second(s) with 500 MILLISECONDS interval)
Build info: version: &amp;apos;3.7.1&amp;apos;, revision: &amp;apos;8a0099a&amp;apos;, time: &amp;apos;2017-11-06T21:01:39.354Z&amp;apos;
System info: host: &amp;apos;DFWQB9R2&amp;apos;, ip: &amp;apos;192.168.156.88&amp;apos;, os.name: &amp;apos;Windows 10&amp;apos;, os.arch: &amp;apos;amd64&amp;apos;, os.version: &amp;apos;10.0&amp;apos;, java.version: &amp;apos;1.8.0_162&amp;apos;
Driver info: org.openqa.selenium.ie.InternetExplorerDriver
Capabilities {browserAttachTimeout: 0, browserName: internet explorer, elementScrollBehavior: 0, enableElementCacheCleanup: true, enablePersistentHover: true, ie.browserCommandLineSwitches: , ie.enableFullPageScreenshot: true, ie.ensureCleanSession: false, ie.fileUploadDialogTimeout: 3000, ie.forceCreateProcessApi: false, ie.forceShellWindowsApi: false, ignoreProtectedModeSettings: true, ignoreZoomSetting: false, initialBrowserUrl: http://localhost:38219/, javascriptEnabled: true, nativeEvents: true, pageLoadStrategy: normal, platform: WINDOWS, platformName: WINDOWS, requireWindowFocus: false, unexpectedAlertBehaviour: dismiss, unhandledPromptBehavior: dismiss, version: 11}
Session ID: f2f23c1a-467d-4930-859e-633a42508d2b">
      <![CDATA[org.openqa.selenium.TimeoutException: Expected condition failed: waiting for visibility of element located by By.xpath: //li[@id='Cashdesk_Deposits_Menu']//a[contains(.,'Deposits')] (tried for 30 second(s) with 500 MILLISECONDS interval)
Build info: version: '3.7.1', revision: '8a0099a', time: '2017-11-06T21:01:39.354Z'
System info: host: 'DFWQB9R2', ip: '192.168.156.88', os.name: 'Windows 10', os.arch: 'amd64', os.version: '10.0', java.version: '1.8.0_162'
Driver info: org.openqa.selenium.ie.InternetExplorerDriver
Capabilities {browserAttachTimeout: 0, browserName: internet explorer, elementScrollBehavior: 0, enableElementCacheCleanup: true, enablePersistentHover: true, ie.browserCommandLineSwitches: , ie.enableFullPageScreenshot: true, ie.ensureCleanSession: false, ie.fileUploadDialogTimeout: 3000, ie.forceCreateProcessApi: false, ie.forceShellWindowsApi: false, ignoreProtectedModeSettings: true, ignoreZoomSetting: false, initialBrowserUrl: http://localhost:38219/, javascriptEnabled: true, nativeEvents: true, pageLoadStrategy: normal, platform: WINDOWS, platformName: WINDOWS, requireWindowFocus: false, unexpectedAlertBehaviour: dismiss, unhandledPromptBehavior: dismiss, version: 11}
Session ID: f2f23c1a-467d-4930-859e-633a42508d2b
	at org.openqa.selenium.support.ui.WebDriverWait.timeoutException(WebDriverWait.java:82)
	at org.openqa.selenium.support.ui.FluentWait.until(FluentWait.java:231)
	at com.generic.WrapperFunctions.click(WrapperFunctions.java:730)
	at com.pageFactory.desktopReception.DepositOnOff_PF.clickOnDeposits(DepositOnOff_PF.java:50)
	at com.pageFactory.desktopReception.DepositOnOff_PF.depositOff(DepositOnOff_PF.java:163)
	at com.scripts.desktopReception.depositOnOff.verifyDepositOff(depositOnOff.java:36)
... Removed 33 stack frames]]>
    </failure>
  </testcase> <!-- verifyDepositOff -->
  <testcase name="VerifyReception_Entry" time="219.948" classname="com.scripts.desktopReception.Reception_Entry">
    <skipped/>
  </testcase> <!-- VerifyReception_Entry -->
  <testcase name="VerifyReception_Entry" time="32.74" classname="com.scripts.desktopReception.Reception_Entry">
    <failure type="org.openqa.selenium.WebDriverException" message="org.apache.http.conn.HttpHostConnectException: Connect to localhost:8204 [localhost/127.0.0.1, localhost/0:0:0:0:0:0:0:1] failed: Connection refused: connect
Build info: version: &amp;apos;3.7.1&amp;apos;, revision: &amp;apos;8a0099a&amp;apos;, time: &amp;apos;2017-11-06T21:01:39.354Z&amp;apos;
System info: host: &amp;apos;DFWQB9R2&amp;apos;, ip: &amp;apos;192.168.156.88&amp;apos;, os.name: &amp;apos;Windows 10&amp;apos;, os.arch: &amp;apos;amd64&amp;apos;, os.version: &amp;apos;10.0&amp;apos;, java.version: &amp;apos;1.8.0_162&amp;apos;
Driver info: driver.version: RemoteWebDriver">
      <![CDATA[org.openqa.selenium.WebDriverException: org.apache.http.conn.HttpHostConnectException: Connect to localhost:8204 [localhost/127.0.0.1, localhost/0:0:0:0:0:0:0:1] failed: Connection refused: connect
Build info: version: '3.7.1', revision: '8a0099a', time: '2017-11-06T21:01:39.354Z'
System info: host: 'DFWQB9R2', ip: '192.168.156.88', os.name: 'Windows 10', os.arch: 'amd64', os.version: '10.0', java.version: '1.8.0_162'
Driver info: driver.version: RemoteWebDriver
	at org.openqa.selenium.remote.service.DriverCommandExecutor.execute(DriverCommandExecutor.java:92)
	at org.openqa.selenium.remote.RemoteWebDriver.execute(RemoteWebDriver.java:600)
	at org.openqa.selenium.remote.RemoteWebDriver.findElements(RemoteWebDriver.java:397)
	at org.openqa.selenium.remote.RemoteWebDriver.findElementsByXPath(RemoteWebDriver.java:476)
	at org.openqa.selenium.By$ByXPath.findElements(By.java:356)
	at org.openqa.selenium.remote.RemoteWebDriver.findElements(RemoteWebDriver.java:358)
	at org.openqa.selenium.support.ui.ExpectedConditions.findElement(ExpectedConditions.java:881)
	at org.openqa.selenium.support.ui.ExpectedConditions.access$000(ExpectedConditions.java:43)
	at org.openqa.selenium.support.ui.ExpectedConditions$7.apply(ExpectedConditions.java:205)
	at org.openqa.selenium.support.ui.ExpectedConditions$7.apply(ExpectedConditions.java:201)
	at org.openqa.selenium.support.ui.FluentWait.until(FluentWait.java:208)
	at com.generic.WrapperFunctions.click(WrapperFunctions.java:730)
	at com.pageFactory.desktopReception.Reception_Entry_PF.navigateToReceptionTab(Reception_Entry_PF.java:64)
	at com.scripts.desktopReception.Reception_Entry.VerifyReception_Entry(Reception_Entry.java:24)
Caused by: org.apache.http.conn.HttpHostConnectException: Connect to localhost:8204 [localhost/127.0.0.1, localhost/0:0:0:0:0:0:0:1] failed: Connection refused: connect
	at org.apache.http.impl.conn.DefaultHttpClientConnectionOperator.connect(DefaultHttpClientConnectionOperator.java:159)
	at org.apache.http.impl.conn.PoolingHttpClientConnectionManager.connect(PoolingHttpClientConnectionManager.java:359)
	at org.apache.http.impl.execchain.MainClientExec.establishRoute(MainClientExec.java:381)
	at org.apache.http.impl.execchain.MainClientExec.execute(MainClientExec.java:237)
	at org.apache.http.impl.execchain.ProtocolExec.execute(ProtocolExec.java:185)
	at org.apache.http.impl.execchain.RetryExec.execute(RetryExec.java:89)
	at org.apache.http.impl.execchain.RedirectExec.execute(RedirectExec.java:111)
	at org.apache.http.impl.client.InternalHttpClient.doExecute(InternalHttpClient.java:185)
	at org.apache.http.impl.client.CloseableHttpClient.execute(CloseableHttpClient.java:72)
	at org.apache.http.impl.client.CloseableHttpClient.execute(CloseableHttpClient.java:56)
	at org.openqa.selenium.remote.internal.ApacheHttpClient.fallBackExecute(ApacheHttpClient.java:138)
	at org.openqa.selenium.remote.internal.ApacheHttpClient.execute(ApacheHttpClient.java:86)
	at org.openqa.selenium.remote.HttpCommandExecutor.execute(HttpCommandExecutor.java:161)
	at org.openqa.selenium.remote.service.DriverCommandExecutor.execute(DriverCommandExecutor.java:83)
	... 46 more
Caused by: java.net.ConnectException: Connection refused: connect
	at java.net.DualStackPlainSocketImpl.waitForConnect(Native Method)
	at java.net.DualStackPlainSocketImpl.socketConnect(DualStackPlainSocketImpl.java:85)
	at java.net.AbstractPlainSocketImpl.doConnect(AbstractPlainSocketImpl.java:350)
	at java.net.AbstractPlainSocketImpl.connectToAddress(AbstractPlainSocketImpl.java:206)
	at java.net.AbstractPlainSocketImpl.connect(AbstractPlainSocketImpl.java:188)
	at java.net.PlainSocketImpl.connect(PlainSocketImpl.java:172)
	at java.net.SocksSocketImpl.connect(SocksSocketImpl.java:392)
	at java.net.Socket.connect(Socket.java:589)
	at org.apache.http.conn.socket.PlainConnectionSocketFactory.connectSocket(PlainConnectionSocketFactory.java:75)
	at org.apache.http.impl.conn.DefaultHttpClientConnectionOperator.connect(DefaultHttpClientConnectionOperator.java:142)
	... 59 more
... Removed 33 stack frames]]>
    </failure>
  </testcase> <!-- VerifyReception_Entry -->
  <testcase name="checkCustomerEntryUsingNameDOB" time="131.665" classname="com.scripts.desktopReception.CustomerEntry_UsingDOBName">
    <skipped/>
  </testcase> <!-- checkCustomerEntryUsingNameDOB -->
  <testcase name="checkCustomerEntryUsingNameDOB" time="139.885" classname="com.scripts.desktopReception.CustomerEntry_UsingDOBName">
    <failure type="java.lang.AssertionError" message="expected [true] but found [false]">
      <![CDATA[java.lang.AssertionError: expected [true] but found [false]
	at com.generic.Utilities.addAssertTakeScreenShot(Utilities.java:383)
	at com.generic.Utilities.logReporter(Utilities.java:307)
	at com.pageFactory.desktopReception.login_PF.login(login_PF.java:49)
	at com.scripts.desktopReception.CustomerEntry_UsingDOBName.checkCustomerEntryUsingNameDOB(CustomerEntry_UsingDOBName.java:21)
... Removed 37 stack frames]]>
    </failure>
  </testcase> <!-- checkCustomerEntryUsingNameDOB -->
  <testcase name="checkcustomerHistoricalAndEstimatedVisitEntry" time="138.677" classname="com.scripts.desktopReception.customerHistoricalAndEstimatedVisitEntry">
    <skipped/>
  </testcase> <!-- checkcustomerHistoricalAndEstimatedVisitEntry -->
  <testcase name="checkcustomerHistoricalAndEstimatedVisitEntry" time="138.898" classname="com.scripts.desktopReception.customerHistoricalAndEstimatedVisitEntry">
    <failure type="java.lang.AssertionError" message="expected [true] but found [false]">
      <![CDATA[java.lang.AssertionError: expected [true] but found [false]
	at com.generic.Utilities.addAssertTakeScreenShot(Utilities.java:383)
	at com.generic.Utilities.logReporter(Utilities.java:307)
	at com.pageFactory.desktopReception.login_PF.login(login_PF.java:49)
	at com.scripts.desktopReception.customerHistoricalAndEstimatedVisitEntry.checkcustomerHistoricalAndEstimatedVisitEntry(customerHistoricalAndEstimatedVisitEntry.java:21)
... Removed 37 stack frames]]>
    </failure>
  </testcase> <!-- checkcustomerHistoricalAndEstimatedVisitEntry -->
  <testcase name="viewCustomerCasino" time="140.067" classname="com.scripts.desktopReception.viewCustomerCasino">
    <skipped/>
  </testcase> <!-- viewCustomerCasino -->
  <testcase name="viewCustomerCasino" time="139.382" classname="com.scripts.desktopReception.viewCustomerCasino">
    <failure type="java.lang.AssertionError" message="expected [true] but found [false]">
      <![CDATA[java.lang.AssertionError: expected [true] but found [false]
	at com.generic.Utilities.addAssertTakeScreenShot(Utilities.java:383)
	at com.generic.Utilities.logReporter(Utilities.java:307)
	at com.pageFactory.desktopReception.login_PF.login(login_PF.java:49)
	at com.scripts.desktopReception.viewCustomerCasino.viewCustomerCasino(viewCustomerCasino.java:24)
... Removed 37 stack frames]]>
    </failure>
  </testcase> <!-- viewCustomerCasino -->
  <testcase name="verifyBadBeatJackpotBC" time="140.011" classname="com.scripts.desktopReception.accountTransction">
    <skipped/>
  </testcase> <!-- verifyBadBeatJackpotBC -->
  <testcase name="verifyBadBeatJackpotBC" time="140.361" classname="com.scripts.desktopReception.accountTransction">
    <failure type="java.lang.AssertionError" message="expected [true] but found [false]">
      <![CDATA[java.lang.AssertionError: expected [true] but found [false]
	at com.generic.Utilities.addAssertTakeScreenShot(Utilities.java:383)
	at com.generic.Utilities.logReporter(Utilities.java:307)
	at com.pageFactory.desktopReception.login_PF.login(login_PF.java:49)
	at com.scripts.desktopReception.accountTransction.verifyBadBeatJackpotBC(accountTransction.java:29)
... Removed 37 stack frames]]>
    </failure>
  </testcase> <!-- verifyBadBeatJackpotBC -->
  <testcase name="verifyBadBeatJackpotCAndReversalTab" time="139.869" classname="com.scripts.desktopReception.TC6327_28_BadBeatJackpotCAndReversal">
    <skipped/>
  </testcase> <!-- verifyBadBeatJackpotCAndReversalTab -->
  <testcase name="verifyBadBeatJackpotCAndReversalTab" time="139.967" classname="com.scripts.desktopReception.TC6327_28_BadBeatJackpotCAndReversal">
    <failure type="java.lang.AssertionError" message="expected [true] but found [false]">
      <![CDATA[java.lang.AssertionError: expected [true] but found [false]
	at com.generic.Utilities.addAssertTakeScreenShot(Utilities.java:383)
	at com.generic.Utilities.logReporter(Utilities.java:307)
	at com.pageFactory.desktopReception.login_PF.login(login_PF.java:49)
	at com.scripts.desktopReception.TC6327_28_BadBeatJackpotCAndReversal.verifyBadBeatJackpotCAndReversalTab(TC6327_28_BadBeatJackpotCAndReversal.java:29)
... Removed 37 stack frames]]>
    </failure>
  </testcase> <!-- verifyBadBeatJackpotCAndReversalTab -->
  <testcase name="VerifyballyTickets" time="140.183" classname="com.scripts.desktopReception.ballyTicketsCounted">
    <skipped/>
  </testcase> <!-- VerifyballyTickets -->
  <testcase name="VerifyballyTickets" time="140.891" classname="com.scripts.desktopReception.ballyTicketsCounted">
    <failure type="java.lang.AssertionError" message="expected [true] but found [false]">
      <![CDATA[java.lang.AssertionError: expected [true] but found [false]
	at com.generic.Utilities.addAssertTakeScreenShot(Utilities.java:383)
	at com.generic.Utilities.logReporter(Utilities.java:307)
	at com.pageFactory.desktopReception.login_PF.login(login_PF.java:49)
	at com.scripts.desktopReception.ballyTicketsCounted.VerifyballyTickets(ballyTicketsCounted.java:26)
... Removed 37 stack frames]]>
    </failure>
  </testcase> <!-- VerifyballyTickets -->
  <testcase name="VerifyBankingTab" time="140.753" classname="com.scripts.desktopReception.bank">
    <skipped/>
  </testcase> <!-- VerifyBankingTab -->
  <testcase name="VerifyBankingTab" time="140.71" classname="com.scripts.desktopReception.bank">
    <failure type="java.lang.AssertionError" message="expected [true] but found [false]">
      <![CDATA[java.lang.AssertionError: expected [true] but found [false]
	at com.generic.Utilities.addAssertTakeScreenShot(Utilities.java:383)
	at com.generic.Utilities.logReporter(Utilities.java:307)
	at com.pageFactory.desktopReception.login_PF.login(login_PF.java:49)
	at com.scripts.desktopReception.bank.VerifyBankingTab(bank.java:32)
... Removed 37 stack frames]]>
    </failure>
  </testcase> <!-- VerifyBankingTab -->
  <testcase name="VerifyCashFromBankTab" time="140.781" classname="com.scripts.desktopReception.Test6342_CashFromBank">
    <skipped/>
  </testcase> <!-- VerifyCashFromBankTab -->
  <testcase name="VerifyCashFromBankTab" time="141.378" classname="com.scripts.desktopReception.Test6342_CashFromBank">
    <failure type="java.lang.AssertionError" message="expected [true] but found [false]">
      <![CDATA[java.lang.AssertionError: expected [true] but found [false]
	at com.generic.Utilities.addAssertTakeScreenShot(Utilities.java:383)
	at com.generic.Utilities.logReporter(Utilities.java:307)
	at com.pageFactory.desktopReception.login_PF.login(login_PF.java:49)
	at com.scripts.desktopReception.Test6342_CashFromBank.VerifyCashFromBankTab(Test6342_CashFromBank.java:31)
... Removed 37 stack frames]]>
    </failure>
  </testcase> <!-- VerifyCashFromBankTab -->
  <testcase name="VerifyCentralCharityDonationsReversalTab" time="140.347" classname="com.scripts.desktopReception.CentralCharityDonationsReversal">
    <skipped/>
  </testcase> <!-- VerifyCentralCharityDonationsReversalTab -->
  <testcase name="VerifyCentralCharityDonationsReversalTab" time="140.232" classname="com.scripts.desktopReception.CentralCharityDonationsReversal">
    <failure type="java.lang.AssertionError" message="expected [true] but found [false]">
      <![CDATA[java.lang.AssertionError: expected [true] but found [false]
	at com.generic.Utilities.addAssertTakeScreenShot(Utilities.java:383)
	at com.generic.Utilities.logReporter(Utilities.java:307)
	at com.pageFactory.desktopReception.login_PF.login(login_PF.java:49)
	at com.scripts.desktopReception.CentralCharityDonationsReversal.VerifyCentralCharityDonationsReversalTab(CentralCharityDonationsReversal.java:32)
... Removed 37 stack frames]]>
    </failure>
  </testcase> <!-- VerifyCentralCharityDonationsReversalTab -->
  <testcase name="VerifycashFloatIssuedReturnedTab" time="141.011" classname="com.scripts.desktopReception.cashFloatIssuedReturnedTab">
    <skipped/>
  </testcase> <!-- VerifycashFloatIssuedReturnedTab -->
  <testcase name="VerifycashFloatIssuedReturnedTab" time="139.844" classname="com.scripts.desktopReception.cashFloatIssuedReturnedTab">
    <failure type="java.lang.AssertionError" message="expected [true] but found [false]">
      <![CDATA[java.lang.AssertionError: expected [true] but found [false]
	at com.generic.Utilities.addAssertTakeScreenShot(Utilities.java:383)
	at com.generic.Utilities.logReporter(Utilities.java:307)
	at com.pageFactory.desktopReception.login_PF.login(login_PF.java:49)
	at com.scripts.desktopReception.cashFloatIssuedReturnedTab.VerifycashFloatIssuedReturnedTab(cashFloatIssuedReturnedTab.java:29)
... Removed 37 stack frames]]>
    </failure>
  </testcase> <!-- VerifycashFloatIssuedReturnedTab -->
  <testcase name="AddRemovechips" time="140.382" classname="com.scripts.desktopReception.chipsAddRemove">
    <skipped/>
  </testcase> <!-- AddRemovechips -->
  <testcase name="AddRemovechips" time="139.871" classname="com.scripts.desktopReception.chipsAddRemove">
    <failure type="java.lang.AssertionError" message="expected [true] but found [false]">
      <![CDATA[java.lang.AssertionError: expected [true] but found [false]
	at com.generic.Utilities.addAssertTakeScreenShot(Utilities.java:383)
	at com.generic.Utilities.logReporter(Utilities.java:307)
	at com.pageFactory.desktopReception.login_PF.login(login_PF.java:49)
	at com.scripts.desktopReception.chipsAddRemove.AddRemovechips(chipsAddRemove.java:22)
... Removed 37 stack frames]]>
    </failure>
  </testcase> <!-- AddRemovechips -->
  <testcase name="verifyDirectCrediToAccountTab" time="140.245" classname="com.scripts.desktopReception.directCrediToAccount">
    <skipped/>
  </testcase> <!-- verifyDirectCrediToAccountTab -->
  <testcase name="verifyDirectCrediToAccountTab" time="140.294" classname="com.scripts.desktopReception.directCrediToAccount">
    <failure type="java.lang.AssertionError" message="expected [true] but found [false]">
      <![CDATA[java.lang.AssertionError: expected [true] but found [false]
	at com.generic.Utilities.addAssertTakeScreenShot(Utilities.java:383)
	at com.generic.Utilities.logReporter(Utilities.java:307)
	at com.pageFactory.desktopReception.login_PF.login(login_PF.java:49)
	at com.scripts.desktopReception.directCrediToAccount.verifyDirectCrediToAccountTab(directCrediToAccount.java:32)
... Removed 37 stack frames]]>
    </failure>
  </testcase> <!-- verifyDirectCrediToAccountTab -->
  <testcase name="addAmount_ErrorOverAndUnderAccount" time="140.041" classname="com.scripts.desktopReception.errorOverUnderAccountTranscation">
    <skipped/>
  </testcase> <!-- addAmount_ErrorOverAndUnderAccount -->
  <testcase name="addAmount_ErrorOverAndUnderAccount" time="140.179" classname="com.scripts.desktopReception.errorOverUnderAccountTranscation">
    <failure type="java.lang.AssertionError" message="expected [true] but found [false]">
      <![CDATA[java.lang.AssertionError: expected [true] but found [false]
	at com.generic.Utilities.addAssertTakeScreenShot(Utilities.java:383)
	at com.generic.Utilities.logReporter(Utilities.java:307)
	at com.pageFactory.desktopReception.login_PF.login(login_PF.java:49)
	at com.scripts.desktopReception.errorOverUnderAccountTranscation.addAmount_ErrorOverAndUnderAccount(errorOverUnderAccountTranscation.java:33)
... Removed 37 stack frames]]>
    </failure>
  </testcase> <!-- addAmount_ErrorOverAndUnderAccount -->
  <testcase name="verifyfoodAndBeverageIncomeAccount" time="139.859" classname="com.scripts.desktopReception.foodAndBeverageIncome_Tranasction">
    <skipped/>
  </testcase> <!-- verifyfoodAndBeverageIncomeAccount -->
  <testcase name="verifyfoodAndBeverageIncomeAccount" time="140.032" classname="com.scripts.desktopReception.foodAndBeverageIncome_Tranasction">
    <failure type="java.lang.AssertionError" message="expected [true] but found [false]">
      <![CDATA[java.lang.AssertionError: expected [true] but found [false]
	at com.generic.Utilities.addAssertTakeScreenShot(Utilities.java:383)
	at com.generic.Utilities.logReporter(Utilities.java:307)
	at com.pageFactory.desktopReception.login_PF.login(login_PF.java:49)
	at com.scripts.desktopReception.foodAndBeverageIncome_Tranasction.verifyfoodAndBeverageIncomeAccount(foodAndBeverageIncome_Tranasction.java:30)
... Removed 37 stack frames]]>
    </failure>
  </testcase> <!-- verifyfoodAndBeverageIncomeAccount -->
  <testcase name="verifygratuitiesIncomeAccoun" time="140.077" classname="com.scripts.desktopReception.gratuitiesIncomeAccountTranscation">
    <skipped/>
  </testcase> <!-- verifygratuitiesIncomeAccoun -->
  <testcase name="verifygratuitiesIncomeAccoun" time="132.248" classname="com.scripts.desktopReception.gratuitiesIncomeAccountTranscation">
    <failure type="java.lang.AssertionError" message="expected [true] but found [false]">
      <![CDATA[java.lang.AssertionError: expected [true] but found [false]
	at com.generic.Utilities.addAssertTakeScreenShot(Utilities.java:383)
	at com.generic.Utilities.logReporter(Utilities.java:307)
	at com.pageFactory.desktopReception.login_PF.login(login_PF.java:49)
	at com.scripts.desktopReception.gratuitiesIncomeAccountTranscation.verifygratuitiesIncomeAccoun(gratuitiesIncomeAccountTranscation.java:33)
... Removed 37 stack frames]]>
    </failure>
  </testcase> <!-- verifygratuitiesIncomeAccoun -->
  <testcase name="VerifyMajorIncentivesRedeemedAndIssued" time="139.174" classname="com.scripts.desktopReception.incentivesRedeemedAndIssued">
    <skipped/>
  </testcase> <!-- VerifyMajorIncentivesRedeemedAndIssued -->
  <testcase name="VerifyMajorIncentivesRedeemedAndIssued" time="139.139" classname="com.scripts.desktopReception.incentivesRedeemedAndIssued">
    <failure type="java.lang.AssertionError" message="expected [true] but found [false]">
      <![CDATA[java.lang.AssertionError: expected [true] but found [false]
	at com.generic.Utilities.addAssertTakeScreenShot(Utilities.java:383)
	at com.generic.Utilities.logReporter(Utilities.java:307)
	at com.pageFactory.desktopReception.login_PF.login(login_PF.java:49)
	at com.scripts.desktopReception.incentivesRedeemedAndIssued.VerifyMajorIncentivesRedeemedAndIssued(incentivesRedeemedAndIssued.java:31)
... Removed 37 stack frames]]>
    </failure>
  </testcase> <!-- VerifyMajorIncentivesRedeemedAndIssued -->
  <testcase name="verifyPettyCashIssuedRepaid" time="139.903" classname="com.scripts.desktopReception.pettyCashIssuedRepaid_Transcation">
    <skipped/>
  </testcase> <!-- verifyPettyCashIssuedRepaid -->
  <testcase name="verifyPettyCashIssuedRepaid" time="138.71" classname="com.scripts.desktopReception.pettyCashIssuedRepaid_Transcation">
    <failure type="java.lang.AssertionError" message="expected [true] but found [false]">
      <![CDATA[java.lang.AssertionError: expected [true] but found [false]
	at com.generic.Utilities.addAssertTakeScreenShot(Utilities.java:383)
	at com.generic.Utilities.logReporter(Utilities.java:307)
	at com.pageFactory.desktopReception.login_PF.login(login_PF.java:49)
	at com.scripts.desktopReception.pettyCashIssuedRepaid_Transcation.verifyPettyCashIssuedRepaid(pettyCashIssuedRepaid_Transcation.java:32)
... Removed 37 stack frames]]>
    </failure>
  </testcase> <!-- verifyPettyCashIssuedRepaid -->
  <testcase name="verifySetupCreaditDebit" time="139.817" classname="com.scripts.desktopReception.setupCreditDebit_Transcation">
    <skipped/>
  </testcase> <!-- verifySetupCreaditDebit -->
  <testcase name="verifySetupCreaditDebit" time="139.948" classname="com.scripts.desktopReception.setupCreditDebit_Transcation">
    <failure type="java.lang.AssertionError" message="expected [true] but found [false]">
      <![CDATA[java.lang.AssertionError: expected [true] but found [false]
	at com.generic.Utilities.addAssertTakeScreenShot(Utilities.java:383)
	at com.generic.Utilities.logReporter(Utilities.java:307)
	at com.pageFactory.desktopReception.login_PF.login(login_PF.java:49)
	at com.scripts.desktopReception.setupCreditDebit_Transcation.setEnviormentVariables(setupCreditDebit_Transcation.java:25)
	at com.scripts.desktopReception.setupCreditDebit_Transcation.verifySetupCreaditDebit(setupCreditDebit_Transcation.java:30)
... Removed 37 stack frames]]>
    </failure>
  </testcase> <!-- verifySetupCreaditDebit -->
  <testcase name="verifystaffSocialFundOnOffTranscation" time="141.011" classname="com.scripts.desktopReception.staffSocialFundOnOff_Transcation">
    <skipped/>
  </testcase> <!-- verifystaffSocialFundOnOffTranscation -->
  <testcase name="verifystaffSocialFundOnOffTranscation" time="106.0" classname="com.scripts.desktopReception.staffSocialFundOnOff_Transcation">
    <failure type="org.openqa.selenium.ElementNotVisibleException" message="Cannot click on element (WARNING: The server did not provide any stacktrace information)
Command duration or timeout: 0 milliseconds
Build info: version: &amp;apos;3.7.1&amp;apos;, revision: &amp;apos;8a0099a&amp;apos;, time: &amp;apos;2017-11-06T21:01:39.354Z&amp;apos;
System info: host: &amp;apos;DFWQB9R2&amp;apos;, ip: &amp;apos;192.168.156.88&amp;apos;, os.name: &amp;apos;Windows 10&amp;apos;, os.arch: &amp;apos;amd64&amp;apos;, os.version: &amp;apos;10.0&amp;apos;, java.version: &amp;apos;1.8.0_162&amp;apos;
Driver info: org.openqa.selenium.ie.InternetExplorerDriver
Capabilities {browserAttachTimeout: 0, browserName: internet explorer, elementScrollBehavior: 0, enableElementCacheCleanup: true, enablePersistentHover: true, ie.browserCommandLineSwitches: , ie.enableFullPageScreenshot: true, ie.ensureCleanSession: false, ie.fileUploadDialogTimeout: 3000, ie.forceCreateProcessApi: false, ie.forceShellWindowsApi: false, ignoreProtectedModeSettings: true, ignoreZoomSetting: false, initialBrowserUrl: http://localhost:49088/, javascriptEnabled: true, nativeEvents: true, pageLoadStrategy: normal, platform: WINDOWS, platformName: WINDOWS, requireWindowFocus: false, unexpectedAlertBehaviour: dismiss, unhandledPromptBehavior: dismiss, version: 11}
Session ID: 3c32eaf7-f3ab-40ef-993d-1832e5de2d7b">
      <![CDATA[org.openqa.selenium.ElementNotVisibleException: Cannot click on element (WARNING: The server did not provide any stacktrace information)
Command duration or timeout: 0 milliseconds
Build info: version: '3.7.1', revision: '8a0099a', time: '2017-11-06T21:01:39.354Z'
System info: host: 'DFWQB9R2', ip: '192.168.156.88', os.name: 'Windows 10', os.arch: 'amd64', os.version: '10.0', java.version: '1.8.0_162'
Driver info: org.openqa.selenium.ie.InternetExplorerDriver
Capabilities {browserAttachTimeout: 0, browserName: internet explorer, elementScrollBehavior: 0, enableElementCacheCleanup: true, enablePersistentHover: true, ie.browserCommandLineSwitches: , ie.enableFullPageScreenshot: true, ie.ensureCleanSession: false, ie.fileUploadDialogTimeout: 3000, ie.forceCreateProcessApi: false, ie.forceShellWindowsApi: false, ignoreProtectedModeSettings: true, ignoreZoomSetting: false, initialBrowserUrl: http://localhost:49088/, javascriptEnabled: true, nativeEvents: true, pageLoadStrategy: normal, platform: WINDOWS, platformName: WINDOWS, requireWindowFocus: false, unexpectedAlertBehaviour: dismiss, unhandledPromptBehavior: dismiss, version: 11}
Session ID: 3c32eaf7-f3ab-40ef-993d-1832e5de2d7b
	at org.openqa.selenium.remote.ErrorHandler.createThrowable(ErrorHandler.java:214)
	at org.openqa.selenium.remote.ErrorHandler.throwIfResponseFailed(ErrorHandler.java:166)
	at org.openqa.selenium.remote.http.JsonHttpResponseCodec.reconstructValue(JsonHttpResponseCodec.java:40)
	at org.openqa.selenium.remote.http.AbstractHttpResponseCodec.decode(AbstractHttpResponseCodec.java:80)
	at org.openqa.selenium.remote.http.AbstractHttpResponseCodec.decode(AbstractHttpResponseCodec.java:44)
	at org.openqa.selenium.remote.HttpCommandExecutor.execute(HttpCommandExecutor.java:164)
	at org.openqa.selenium.remote.service.DriverCommandExecutor.execute(DriverCommandExecutor.java:83)
	at org.openqa.selenium.remote.RemoteWebDriver.execute(RemoteWebDriver.java:600)
	at org.openqa.selenium.remote.RemoteWebElement.execute(RemoteWebElement.java:279)
	at org.openqa.selenium.remote.RemoteWebElement.click(RemoteWebElement.java:83)
	at com.generic.WrapperFunctions.scrollTab(WrapperFunctions.java:2464)
	at com.pageFactory.desktopReception.staffSocialFundOnOff_Transcation_PF.navigateTostaffSocialFundOnTab(staffSocialFundOnOff_Transcation_PF.java:54)
	at com.scripts.desktopReception.staffSocialFundOnOff_Transcation.verifystaffSocialFundOnOffTranscation(staffSocialFundOnOff_Transcation.java:33)
... Removed 37 stack frames]]>
    </failure>
  </testcase> <!-- verifystaffSocialFundOnOffTranscation -->
  <testcase name="VerifysundryIncomeExpenses" time="392.607" classname="com.scripts.desktopReception.sundryIncomeExpenses_Transcation"/>
  <testcase name="VerifySundryExpensesAndReversal" time="384.475" classname="com.scripts.desktopReception.Test6368_69_SundryExpensesAndReversal"/>
  <testcase name="VerifyWinnersBankTransferTranscation" time="33.33" classname="com.scripts.desktopReception.winnersBankTransferReversal_Transcation">
    <skipped/>
  </testcase> <!-- VerifyWinnersBankTransferTranscation -->
  <testcase name="VerifyWinnersBankTransferTranscation" time="31.611" classname="com.scripts.desktopReception.winnersBankTransferReversal_Transcation">
    <failure type="org.openqa.selenium.WebDriverException" message="org.apache.http.conn.HttpHostConnectException: Connect to localhost:42019 [localhost/127.0.0.1, localhost/0:0:0:0:0:0:0:1] failed: Connection refused: connect
Build info: version: &amp;apos;3.7.1&amp;apos;, revision: &amp;apos;8a0099a&amp;apos;, time: &amp;apos;2017-11-06T21:01:39.354Z&amp;apos;
System info: host: &amp;apos;DFWQB9R2&amp;apos;, ip: &amp;apos;192.168.156.88&amp;apos;, os.name: &amp;apos;Windows 10&amp;apos;, os.arch: &amp;apos;amd64&amp;apos;, os.version: &amp;apos;10.0&amp;apos;, java.version: &amp;apos;1.8.0_162&amp;apos;
Driver info: driver.version: RemoteWebDriver">
      <![CDATA[org.openqa.selenium.WebDriverException: org.apache.http.conn.HttpHostConnectException: Connect to localhost:42019 [localhost/127.0.0.1, localhost/0:0:0:0:0:0:0:1] failed: Connection refused: connect
Build info: version: '3.7.1', revision: '8a0099a', time: '2017-11-06T21:01:39.354Z'
System info: host: 'DFWQB9R2', ip: '192.168.156.88', os.name: 'Windows 10', os.arch: 'amd64', os.version: '10.0', java.version: '1.8.0_162'
Driver info: driver.version: RemoteWebDriver
	at org.openqa.selenium.remote.service.DriverCommandExecutor.execute(DriverCommandExecutor.java:92)
	at org.openqa.selenium.remote.RemoteWebDriver.execute(RemoteWebDriver.java:600)
	at org.openqa.selenium.remote.RemoteWebDriver.findElements(RemoteWebDriver.java:397)
	at org.openqa.selenium.remote.RemoteWebDriver.findElementsByXPath(RemoteWebDriver.java:476)
	at org.openqa.selenium.By$ByXPath.findElements(By.java:356)
	at org.openqa.selenium.remote.RemoteWebDriver.findElements(RemoteWebDriver.java:358)
	at org.openqa.selenium.support.ui.ExpectedConditions.findElement(ExpectedConditions.java:881)
	at org.openqa.selenium.support.ui.ExpectedConditions.access$000(ExpectedConditions.java:43)
	at org.openqa.selenium.support.ui.ExpectedConditions$7.apply(ExpectedConditions.java:205)
	at org.openqa.selenium.support.ui.ExpectedConditions$7.apply(ExpectedConditions.java:201)
	at org.openqa.selenium.support.ui.FluentWait.until(FluentWait.java:208)
	at com.generic.WrapperFunctions.click(WrapperFunctions.java:730)
	at com.pageFactory.desktopReception.winnersBankTransferReversal_Transcation_PF.navigateTowinnersBankTransferTab(winnersBankTransferReversal_Transcation_PF.java:102)
	at com.scripts.desktopReception.winnersBankTransferReversal_Transcation.VerifyWinnersBankTransferTranscation(winnersBankTransferReversal_Transcation.java:29)
Caused by: org.apache.http.conn.HttpHostConnectException: Connect to localhost:42019 [localhost/127.0.0.1, localhost/0:0:0:0:0:0:0:1] failed: Connection refused: connect
	at org.apache.http.impl.conn.DefaultHttpClientConnectionOperator.connect(DefaultHttpClientConnectionOperator.java:159)
	at org.apache.http.impl.conn.PoolingHttpClientConnectionManager.connect(PoolingHttpClientConnectionManager.java:359)
	at org.apache.http.impl.execchain.MainClientExec.establishRoute(MainClientExec.java:381)
	at org.apache.http.impl.execchain.MainClientExec.execute(MainClientExec.java:237)
	at org.apache.http.impl.execchain.ProtocolExec.execute(ProtocolExec.java:185)
	at org.apache.http.impl.execchain.RetryExec.execute(RetryExec.java:89)
	at org.apache.http.impl.execchain.RedirectExec.execute(RedirectExec.java:111)
	at org.apache.http.impl.client.InternalHttpClient.doExecute(InternalHttpClient.java:185)
	at org.apache.http.impl.client.CloseableHttpClient.execute(CloseableHttpClient.java:72)
	at org.apache.http.impl.client.CloseableHttpClient.execute(CloseableHttpClient.java:56)
	at org.openqa.selenium.remote.internal.ApacheHttpClient.fallBackExecute(ApacheHttpClient.java:138)
	at org.openqa.selenium.remote.internal.ApacheHttpClient.execute(ApacheHttpClient.java:86)
	at org.openqa.selenium.remote.HttpCommandExecutor.execute(HttpCommandExecutor.java:161)
	at org.openqa.selenium.remote.service.DriverCommandExecutor.execute(DriverCommandExecutor.java:83)
	... 46 more
Caused by: java.net.ConnectException: Connection refused: connect
	at java.net.DualStackPlainSocketImpl.waitForConnect(Native Method)
	at java.net.DualStackPlainSocketImpl.socketConnect(DualStackPlainSocketImpl.java:85)
	at java.net.AbstractPlainSocketImpl.doConnect(AbstractPlainSocketImpl.java:350)
	at java.net.AbstractPlainSocketImpl.connectToAddress(AbstractPlainSocketImpl.java:206)
	at java.net.AbstractPlainSocketImpl.connect(AbstractPlainSocketImpl.java:188)
	at java.net.PlainSocketImpl.connect(PlainSocketImpl.java:172)
	at java.net.SocksSocketImpl.connect(SocksSocketImpl.java:392)
	at java.net.Socket.connect(Socket.java:589)
	at org.apache.http.conn.socket.PlainConnectionSocketFactory.connectSocket(PlainConnectionSocketFactory.java:75)
	at org.apache.http.impl.conn.DefaultHttpClientConnectionOperator.connect(DefaultHttpClientConnectionOperator.java:142)
	... 59 more
... Removed 33 stack frames]]>
    </failure>
  </testcase> <!-- VerifyWinnersBankTransferTranscation -->
  <testcase name="addinterimTableCount" time="54.875" classname="com.scripts.desktopReception.interimTableCount"/>
  <testcase name="verifyTableProgressiveJackpotPayout" time="60.389" classname="com.scripts.desktopReception.tableProgressiveJackpotPayout"/>
  <testcase name="verifyTableFillAndCredit" time="148.502" classname="com.scripts.noen.Reception.OpeningGamingDay.TableAccounting_TableFillAddAsset"/>
  <testcase name="checkCustomersIntelligentDatabase" time="137.316" classname="com.scripts.noen.CashierAndManagerTC.Customers_IntelligentDatabase"/>
  <testcase name="checkAndVerifyMachinesViewDetails" time="54.283" classname="com.scripts.noen.CashierAndManagerTC.Machines_ViewDetails"/>
  <testcase name="checkAndVerifyViewsTransactionOfThroughoutGamingDay" time="200.165" classname="com.scripts.noen.CashierAndManagerTC.BalanceDetailsVerification">
    <skipped/>
  </testcase> <!-- checkAndVerifyViewsTransactionOfThroughoutGamingDay -->
  <testcase name="checkAndVerifyViewsTransactionOfThroughoutGamingDay" time="121.054" classname="com.scripts.noen.CashierAndManagerTC.BalanceDetailsVerification">
    <failure type="java.lang.AssertionError" message="expected [true] but found [false]">
      <![CDATA[java.lang.AssertionError: expected [true] but found [false]
	at com.generic.Utilities.addAssertTakeScreenShot(Utilities.java:383)
	at com.generic.Utilities.logReporter(Utilities.java:307)
	at com.pageFactory.desktopReception.login_PF.login(login_PF.java:49)
	at com.scripts.noen.CashierAndManagerTC.BalanceDetailsVerification.checkAndVerifyViewsTransactionOfThroughoutGamingDay(BalanceDetailsVerification.java:31)
... Removed 37 stack frames]]>
    </failure>
  </testcase> <!-- checkAndVerifyViewsTransactionOfThroughoutGamingDay -->
  <testcase name="verifyBalancePageDetails" time="45.262" classname="com.scripts.noen.CashierAndManagerTC.ViewAndVoidTransactions"/>
  <testcase name="checkViewAndvoidTransactionFromViews" time="49.029" classname="com.scripts.noen.CashierAndManagerTC.ViewAndvoidTransactionFromViews"/>
  <testcase name="checkAddViewAndDeleteThirdPartyBankAccount" time="211.201" classname="com.scripts.noen.CashierAndManagerTC.AddViewAndDeleteThirdPartyBankAccount">
    <skipped/>
  </testcase> <!-- checkAddViewAndDeleteThirdPartyBankAccount -->
  <testcase name="checkAddViewAndDeleteThirdPartyBankAccount" time="121.072" classname="com.scripts.noen.CashierAndManagerTC.AddViewAndDeleteThirdPartyBankAccount">
    <failure type="java.lang.AssertionError" message="expected [true] but found [false]">
      <![CDATA[java.lang.AssertionError: expected [true] but found [false]
	at com.generic.Utilities.addAssertTakeScreenShot(Utilities.java:383)
	at com.generic.Utilities.logReporter(Utilities.java:307)
	at com.pageFactory.desktopReception.login_PF.login(login_PF.java:49)
	at com.scripts.noen.CashierAndManagerTC.AddViewAndDeleteThirdPartyBankAccount.checkAddViewAndDeleteThirdPartyBankAccount(AddViewAndDeleteThirdPartyBankAccount.java:39)
... Removed 37 stack frames]]>
    </failure>
  </testcase> <!-- checkAddViewAndDeleteThirdPartyBankAccount -->
  <testcase name="PokerAccountONAndOFF" time="58.588" classname="com.scripts.noen.CashierAndManagerTC.PokerAccountONAndOFF"/>
  <testcase name="FunctionDepositONAndOFF" time="45.086" classname="com.scripts.noen.CashierAndManagerTC.FunctionDepositONAndOFF">
    <skipped/>
  </testcase> <!-- FunctionDepositONAndOFF -->
  <testcase name="FunctionDepositONAndOFF" time="16.264" classname="com.scripts.noen.CashierAndManagerTC.FunctionDepositONAndOFF">
    <failure type="org.openqa.selenium.WebDriverException" message="org.apache.http.conn.HttpHostConnectException: Connect to localhost:32180 [localhost/127.0.0.1, localhost/0:0:0:0:0:0:0:1] failed: Connection refused: connect
Build info: version: &amp;apos;3.7.1&amp;apos;, revision: &amp;apos;8a0099a&amp;apos;, time: &amp;apos;2017-11-06T21:01:39.354Z&amp;apos;
System info: host: &amp;apos;DFWQB9R2&amp;apos;, ip: &amp;apos;192.168.156.88&amp;apos;, os.name: &amp;apos;Windows 10&amp;apos;, os.arch: &amp;apos;amd64&amp;apos;, os.version: &amp;apos;10.0&amp;apos;, java.version: &amp;apos;1.8.0_162&amp;apos;
Driver info: driver.version: RemoteWebDriver">
      <![CDATA[org.openqa.selenium.WebDriverException: org.apache.http.conn.HttpHostConnectException: Connect to localhost:32180 [localhost/127.0.0.1, localhost/0:0:0:0:0:0:0:1] failed: Connection refused: connect
Build info: version: '3.7.1', revision: '8a0099a', time: '2017-11-06T21:01:39.354Z'
System info: host: 'DFWQB9R2', ip: '192.168.156.88', os.name: 'Windows 10', os.arch: 'amd64', os.version: '10.0', java.version: '1.8.0_162'
Driver info: driver.version: RemoteWebDriver
	at org.openqa.selenium.remote.service.DriverCommandExecutor.execute(DriverCommandExecutor.java:92)
	at org.openqa.selenium.remote.RemoteWebDriver.execute(RemoteWebDriver.java:600)
	at org.openqa.selenium.remote.RemoteWebDriver.findElements(RemoteWebDriver.java:397)
	at org.openqa.selenium.remote.RemoteWebDriver.findElementsByXPath(RemoteWebDriver.java:476)
	at org.openqa.selenium.By$ByXPath.findElements(By.java:356)
	at org.openqa.selenium.remote.RemoteWebDriver.findElements(RemoteWebDriver.java:358)
	at org.openqa.selenium.support.ui.ExpectedConditions.findElement(ExpectedConditions.java:881)
	at org.openqa.selenium.support.ui.ExpectedConditions.access$000(ExpectedConditions.java:43)
	at org.openqa.selenium.support.ui.ExpectedConditions$7.apply(ExpectedConditions.java:205)
	at org.openqa.selenium.support.ui.ExpectedConditions$7.apply(ExpectedConditions.java:201)
	at org.openqa.selenium.support.ui.FluentWait.until(FluentWait.java:208)
	at com.generic.WrapperFunctions.click(WrapperFunctions.java:730)
	at com.pageFactory.desktopReception.login_PF.login(login_PF.java:51)
	at com.scripts.noen.CashierAndManagerTC.FunctionDepositONAndOFF.FunctionDepositONAndOFF(FunctionDepositONAndOFF.java:34)
Caused by: org.apache.http.conn.HttpHostConnectException: Connect to localhost:32180 [localhost/127.0.0.1, localhost/0:0:0:0:0:0:0:1] failed: Connection refused: connect
	at org.apache.http.impl.conn.DefaultHttpClientConnectionOperator.connect(DefaultHttpClientConnectionOperator.java:159)
	at org.apache.http.impl.conn.PoolingHttpClientConnectionManager.connect(PoolingHttpClientConnectionManager.java:359)
	at org.apache.http.impl.execchain.MainClientExec.establishRoute(MainClientExec.java:381)
	at org.apache.http.impl.execchain.MainClientExec.execute(MainClientExec.java:237)
	at org.apache.http.impl.execchain.ProtocolExec.execute(ProtocolExec.java:185)
	at org.apache.http.impl.execchain.RetryExec.execute(RetryExec.java:89)
	at org.apache.http.impl.execchain.RedirectExec.execute(RedirectExec.java:111)
	at org.apache.http.impl.client.InternalHttpClient.doExecute(InternalHttpClient.java:185)
	at org.apache.http.impl.client.CloseableHttpClient.execute(CloseableHttpClient.java:72)
	at org.apache.http.impl.client.CloseableHttpClient.execute(CloseableHttpClient.java:56)
	at org.openqa.selenium.remote.internal.ApacheHttpClient.fallBackExecute(ApacheHttpClient.java:138)
	at org.openqa.selenium.remote.internal.ApacheHttpClient.execute(ApacheHttpClient.java:86)
	at org.openqa.selenium.remote.HttpCommandExecutor.execute(HttpCommandExecutor.java:161)
	at org.openqa.selenium.remote.service.DriverCommandExecutor.execute(DriverCommandExecutor.java:83)
	... 46 more
Caused by: java.net.ConnectException: Connection refused: connect
	at java.net.DualStackPlainSocketImpl.waitForConnect(Native Method)
	at java.net.DualStackPlainSocketImpl.socketConnect(DualStackPlainSocketImpl.java:85)
	at java.net.AbstractPlainSocketImpl.doConnect(AbstractPlainSocketImpl.java:350)
	at java.net.AbstractPlainSocketImpl.connectToAddress(AbstractPlainSocketImpl.java:206)
	at java.net.AbstractPlainSocketImpl.connect(AbstractPlainSocketImpl.java:188)
	at java.net.PlainSocketImpl.connect(PlainSocketImpl.java:172)
	at java.net.SocksSocketImpl.connect(SocksSocketImpl.java:392)
	at java.net.Socket.connect(Socket.java:589)
	at org.apache.http.conn.socket.PlainConnectionSocketFactory.connectSocket(PlainConnectionSocketFactory.java:75)
	at org.apache.http.impl.conn.DefaultHttpClientConnectionOperator.connect(DefaultHttpClientConnectionOperator.java:142)
	... 59 more
... Removed 33 stack frames]]>
    </failure>
  </testcase> <!-- FunctionDepositONAndOFF -->
  <testcase name="CashDesk_PayWinnerChequeIssueNReplacementCheque" time="624.112" classname="com.scripts.noen.CashierAndManagerTC.CashDesk_ChequeRelated"/>
  <testcase name="exchangeTravellersCheque" time="132.237" classname="com.scripts.noen.Reception.OpeningGamingDay.ExchangeTravellersCheque">
    <skipped/>
  </testcase> <!-- exchangeTravellersCheque -->
  <testcase name="exchangeTravellersCheque" time="16.235" classname="com.scripts.noen.Reception.OpeningGamingDay.ExchangeTravellersCheque">
    <failure type="org.openqa.selenium.WebDriverException" message="org.apache.http.conn.HttpHostConnectException: Connect to localhost:39017 [localhost/127.0.0.1, localhost/0:0:0:0:0:0:0:1] failed: Connection refused: connect
Build info: version: &amp;apos;3.7.1&amp;apos;, revision: &amp;apos;8a0099a&amp;apos;, time: &amp;apos;2017-11-06T21:01:39.354Z&amp;apos;
System info: host: &amp;apos;DFWQB9R2&amp;apos;, ip: &amp;apos;192.168.156.88&amp;apos;, os.name: &amp;apos;Windows 10&amp;apos;, os.arch: &amp;apos;amd64&amp;apos;, os.version: &amp;apos;10.0&amp;apos;, java.version: &amp;apos;1.8.0_162&amp;apos;
Driver info: driver.version: RemoteWebDriver">
      <![CDATA[org.openqa.selenium.WebDriverException: org.apache.http.conn.HttpHostConnectException: Connect to localhost:39017 [localhost/127.0.0.1, localhost/0:0:0:0:0:0:0:1] failed: Connection refused: connect
Build info: version: '3.7.1', revision: '8a0099a', time: '2017-11-06T21:01:39.354Z'
System info: host: 'DFWQB9R2', ip: '192.168.156.88', os.name: 'Windows 10', os.arch: 'amd64', os.version: '10.0', java.version: '1.8.0_162'
Driver info: driver.version: RemoteWebDriver
	at org.openqa.selenium.remote.service.DriverCommandExecutor.execute(DriverCommandExecutor.java:92)
	at org.openqa.selenium.remote.RemoteWebDriver.execute(RemoteWebDriver.java:600)
	at org.openqa.selenium.remote.RemoteWebDriver.findElements(RemoteWebDriver.java:397)
	at org.openqa.selenium.remote.RemoteWebDriver.findElementsByXPath(RemoteWebDriver.java:476)
	at org.openqa.selenium.By$ByXPath.findElements(By.java:356)
	at org.openqa.selenium.remote.RemoteWebDriver.findElements(RemoteWebDriver.java:358)
	at org.openqa.selenium.support.ui.ExpectedConditions.findElement(ExpectedConditions.java:881)
	at org.openqa.selenium.support.ui.ExpectedConditions.access$000(ExpectedConditions.java:43)
	at org.openqa.selenium.support.ui.ExpectedConditions$7.apply(ExpectedConditions.java:205)
	at org.openqa.selenium.support.ui.ExpectedConditions$7.apply(ExpectedConditions.java:201)
	at org.openqa.selenium.support.ui.FluentWait.until(FluentWait.java:208)
	at com.generic.WrapperFunctions.click(WrapperFunctions.java:730)
	at com.pageFactory.desktopReception.login_PF.login(login_PF.java:51)
	at com.scripts.noen.Reception.OpeningGamingDay.ExchangeTravellersCheque.exchangeTravellersCheque(ExchangeTravellersCheque.java:36)
Caused by: org.apache.http.conn.HttpHostConnectException: Connect to localhost:39017 [localhost/127.0.0.1, localhost/0:0:0:0:0:0:0:1] failed: Connection refused: connect
	at org.apache.http.impl.conn.DefaultHttpClientConnectionOperator.connect(DefaultHttpClientConnectionOperator.java:159)
	at org.apache.http.impl.conn.PoolingHttpClientConnectionManager.connect(PoolingHttpClientConnectionManager.java:359)
	at org.apache.http.impl.execchain.MainClientExec.establishRoute(MainClientExec.java:381)
	at org.apache.http.impl.execchain.MainClientExec.execute(MainClientExec.java:237)
	at org.apache.http.impl.execchain.ProtocolExec.execute(ProtocolExec.java:185)
	at org.apache.http.impl.execchain.RetryExec.execute(RetryExec.java:89)
	at org.apache.http.impl.execchain.RedirectExec.execute(RedirectExec.java:111)
	at org.apache.http.impl.client.InternalHttpClient.doExecute(InternalHttpClient.java:185)
	at org.apache.http.impl.client.CloseableHttpClient.execute(CloseableHttpClient.java:72)
	at org.apache.http.impl.client.CloseableHttpClient.execute(CloseableHttpClient.java:56)
	at org.openqa.selenium.remote.internal.ApacheHttpClient.fallBackExecute(ApacheHttpClient.java:138)
	at org.openqa.selenium.remote.internal.ApacheHttpClient.execute(ApacheHttpClient.java:86)
	at org.openqa.selenium.remote.HttpCommandExecutor.execute(HttpCommandExecutor.java:161)
	at org.openqa.selenium.remote.service.DriverCommandExecutor.execute(DriverCommandExecutor.java:83)
	... 46 more
Caused by: java.net.ConnectException: Connection refused: connect
	at java.net.DualStackPlainSocketImpl.waitForConnect(Native Method)
	at java.net.DualStackPlainSocketImpl.socketConnect(DualStackPlainSocketImpl.java:85)
	at java.net.AbstractPlainSocketImpl.doConnect(AbstractPlainSocketImpl.java:350)
	at java.net.AbstractPlainSocketImpl.connectToAddress(AbstractPlainSocketImpl.java:206)
	at java.net.AbstractPlainSocketImpl.connect(AbstractPlainSocketImpl.java:188)
	at java.net.PlainSocketImpl.connect(PlainSocketImpl.java:172)
	at java.net.SocksSocketImpl.connect(SocksSocketImpl.java:392)
	at java.net.Socket.connect(Socket.java:589)
	at org.apache.http.conn.socket.PlainConnectionSocketFactory.connectSocket(PlainConnectionSocketFactory.java:75)
	at org.apache.http.impl.conn.DefaultHttpClientConnectionOperator.connect(DefaultHttpClientConnectionOperator.java:142)
	... 59 more
... Removed 33 stack frames]]>
    </failure>
  </testcase> <!-- exchangeTravellersCheque -->
  <testcase name="checkView_Authorizations_AlarmsAlerts" time="528.635" classname="com.scripts.noen.CashierAndManagerTC.View_Authorizations_AlarmsAlerts">
    <skipped/>
  </testcase> <!-- checkView_Authorizations_AlarmsAlerts -->
  <testcase name="checkView_Authorizations_AlarmsAlerts" time="121.468" classname="com.scripts.noen.CashierAndManagerTC.View_Authorizations_AlarmsAlerts">
    <failure type="java.lang.AssertionError" message="expected [true] but found [false]">
      <![CDATA[java.lang.AssertionError: expected [true] but found [false]
	at com.generic.Utilities.addAssertTakeScreenShot(Utilities.java:383)
	at com.generic.Utilities.logReporter(Utilities.java:307)
	at com.pageFactory.desktopReception.login_PF.login(login_PF.java:49)
	at com.scripts.noen.CashierAndManagerTC.View_Authorizations_AlarmsAlerts.checkView_Authorizations_AlarmsAlerts(View_Authorizations_AlarmsAlerts.java:37)
... Removed 37 stack frames]]>
    </failure>
  </testcase> <!-- checkView_Authorizations_AlarmsAlerts -->
  <testcase name="Customer_ManageDueDiligenceFilter" time="447.148" classname="com.scripts.desktopReception.CustomerDueDiligenceFilter">
    <skipped/>
  </testcase> <!-- Customer_ManageDueDiligenceFilter -->
  <testcase name="Customer_ManageDueDiligenceFilter" time="445.53" classname="com.scripts.desktopReception.CustomerDueDiligenceFilter">
    <failure type="java.lang.AssertionError" message="expected [true] but found [false]">
      <![CDATA[java.lang.AssertionError: expected [true] but found [false]
	at com.generic.Utilities.addAssertTakeScreenShot(Utilities.java:383)
	at com.generic.Utilities.logReporter(Utilities.java:307)
	at com.pageFactory.desktopReception.CustomerDueDiligenceFilter_PF.customerDueDiligenceDetails(CustomerDueDiligenceFilter_PF.java:229)
	at com.pageFactory.desktopReception.CustomerDueDiligenceFilter_PF.VerifyResult(CustomerDueDiligenceFilter_PF.java:221)
	at com.pageFactory.desktopReception.CustomerDueDiligenceFilter_PF.setFilter(CustomerDueDiligenceFilter_PF.java:192)
	at com.scripts.desktopReception.CustomerDueDiligenceFilter.Customer_ManageDueDiligenceFilter(CustomerDueDiligenceFilter.java:26)
... Removed 37 stack frames]]>
    </failure>
  </testcase> <!-- Customer_ManageDueDiligenceFilter -->
  <testcase name="addBarredSuspensionToCustomerProfile" time="144.129" classname="com.scripts.desktopReception.customerProfile_AddEditViewBarredsuspension">
    <skipped/>
  </testcase> <!-- addBarredSuspensionToCustomerProfile -->
  <testcase name="addBarredSuspensionToCustomerProfile" time="138.479" classname="com.scripts.desktopReception.customerProfile_AddEditViewBarredsuspension">
    <failure type="org.openqa.selenium.TimeoutException" message="Expected condition failed: waiting for visibility of element located by By.xpath: //li[@id=&amp;apos;linkUserLogOut&amp;apos;]//a[contains(.,&amp;apos;Log Out&amp;apos;)] (tried for 30 second(s) with 500 MILLISECONDS interval)
Build info: version: &amp;apos;3.7.1&amp;apos;, revision: &amp;apos;8a0099a&amp;apos;, time: &amp;apos;2017-11-06T21:01:39.354Z&amp;apos;
System info: host: &amp;apos;DFWQB9R2&amp;apos;, ip: &amp;apos;192.168.156.88&amp;apos;, os.name: &amp;apos;Windows 10&amp;apos;, os.arch: &amp;apos;amd64&amp;apos;, os.version: &amp;apos;10.0&amp;apos;, java.version: &amp;apos;1.8.0_162&amp;apos;
Driver info: org.openqa.selenium.ie.InternetExplorerDriver
Capabilities {browserAttachTimeout: 0, browserName: internet explorer, elementScrollBehavior: 0, enableElementCacheCleanup: true, enablePersistentHover: true, ie.browserCommandLineSwitches: , ie.enableFullPageScreenshot: true, ie.ensureCleanSession: false, ie.fileUploadDialogTimeout: 3000, ie.forceCreateProcessApi: false, ie.forceShellWindowsApi: false, ignoreProtectedModeSettings: true, ignoreZoomSetting: false, initialBrowserUrl: http://localhost:27835/, javascriptEnabled: true, nativeEvents: true, pageLoadStrategy: normal, platform: WINDOWS, platformName: WINDOWS, requireWindowFocus: false, unexpectedAlertBehaviour: dismiss, unhandledPromptBehavior: dismiss, version: 11}
Session ID: 03247266-0ce3-4909-abc1-ad51452a8712">
      <![CDATA[org.openqa.selenium.TimeoutException: Expected condition failed: waiting for visibility of element located by By.xpath: //li[@id='linkUserLogOut']//a[contains(.,'Log Out')] (tried for 30 second(s) with 500 MILLISECONDS interval)
Build info: version: '3.7.1', revision: '8a0099a', time: '2017-11-06T21:01:39.354Z'
System info: host: 'DFWQB9R2', ip: '192.168.156.88', os.name: 'Windows 10', os.arch: 'amd64', os.version: '10.0', java.version: '1.8.0_162'
Driver info: org.openqa.selenium.ie.InternetExplorerDriver
Capabilities {browserAttachTimeout: 0, browserName: internet explorer, elementScrollBehavior: 0, enableElementCacheCleanup: true, enablePersistentHover: true, ie.browserCommandLineSwitches: , ie.enableFullPageScreenshot: true, ie.ensureCleanSession: false, ie.fileUploadDialogTimeout: 3000, ie.forceCreateProcessApi: false, ie.forceShellWindowsApi: false, ignoreProtectedModeSettings: true, ignoreZoomSetting: false, initialBrowserUrl: http://localhost:27835/, javascriptEnabled: true, nativeEvents: true, pageLoadStrategy: normal, platform: WINDOWS, platformName: WINDOWS, requireWindowFocus: false, unexpectedAlertBehaviour: dismiss, unhandledPromptBehavior: dismiss, version: 11}
Session ID: 03247266-0ce3-4909-abc1-ad51452a8712
	at org.openqa.selenium.support.ui.WebDriverWait.timeoutException(WebDriverWait.java:82)
	at org.openqa.selenium.support.ui.FluentWait.until(FluentWait.java:231)
	at com.generic.WrapperFunctions.click(WrapperFunctions.java:730)
	at com.pageFactory.desktopReception.login_PF.logout(login_PF.java:67)
	at com.scripts.desktopReception.customerProfile_AddEditViewBarredsuspension.addBarredSuspensionToCustomerProfile(customerProfile_AddEditViewBarredsuspension.java:30)
... Removed 33 stack frames]]>
    </failure>
  </testcase> <!-- addBarredSuspensionToCustomerProfile -->
  <testcase name="tc6421_addEditLiftSuspendedSuspensionToCustomerProfile" time="159.179" classname="com.scripts.desktopReception.customerProfile_AddSuspendedSuspension">
    <skipped/>
  </testcase> <!-- tc6421_addEditLiftSuspendedSuspensionToCustomerProfile -->
  <testcase name="tc6421_addEditLiftSuspendedSuspensionToCustomerProfile" time="159.449" classname="com.scripts.desktopReception.customerProfile_AddSuspendedSuspension">
    <failure type="org.openqa.selenium.NoSuchElementException" message="Unable to find element with xpath == //section[@class=&amp;apos;sidebar&amp;apos;]//li[@id=&amp;apos;tabSuspensions&amp;apos;]//a[contains(.,&amp;apos;Suspensions&amp;apos;)] (WARNING: The server did not provide any stacktrace information)
Command duration or timeout: 0 milliseconds
For documentation on this error, please visit: http://seleniumhq.org/exceptions/no_such_element.html
Build info: version: &amp;apos;3.7.1&amp;apos;, revision: &amp;apos;8a0099a&amp;apos;, time: &amp;apos;2017-11-06T21:01:39.354Z&amp;apos;
System info: host: &amp;apos;DFWQB9R2&amp;apos;, ip: &amp;apos;192.168.156.88&amp;apos;, os.name: &amp;apos;Windows 10&amp;apos;, os.arch: &amp;apos;amd64&amp;apos;, os.version: &amp;apos;10.0&amp;apos;, java.version: &amp;apos;1.8.0_162&amp;apos;
Driver info: org.openqa.selenium.ie.InternetExplorerDriver
Capabilities {browserAttachTimeout: 0, browserName: internet explorer, elementScrollBehavior: 0, enableElementCacheCleanup: true, enablePersistentHover: true, ie.browserCommandLineSwitches: , ie.enableFullPageScreenshot: true, ie.ensureCleanSession: false, ie.fileUploadDialogTimeout: 3000, ie.forceCreateProcessApi: false, ie.forceShellWindowsApi: false, ignoreProtectedModeSettings: true, ignoreZoomSetting: false, initialBrowserUrl: http://localhost:9199/, javascriptEnabled: true, nativeEvents: true, pageLoadStrategy: normal, platform: WINDOWS, platformName: WINDOWS, requireWindowFocus: false, unexpectedAlertBehaviour: dismiss, unhandledPromptBehavior: dismiss, version: 11}
Session ID: e6968dce-fc95-441c-9e66-867b9ea7c8c5
*** Element info: {Using=xpath, value=//section[@class=&amp;apos;sidebar&amp;apos;]//li[@id=&amp;apos;tabSuspensions&amp;apos;]//a[contains(.,&amp;apos;Suspensions&amp;apos;)]}">
      <![CDATA[org.openqa.selenium.NoSuchElementException: Unable to find element with xpath == //section[@class='sidebar']//li[@id='tabSuspensions']//a[contains(.,'Suspensions')] (WARNING: The server did not provide any stacktrace information)
Command duration or timeout: 0 milliseconds
For documentation on this error, please visit: http://seleniumhq.org/exceptions/no_such_element.html
Build info: version: '3.7.1', revision: '8a0099a', time: '2017-11-06T21:01:39.354Z'
System info: host: 'DFWQB9R2', ip: '192.168.156.88', os.name: 'Windows 10', os.arch: 'amd64', os.version: '10.0', java.version: '1.8.0_162'
Driver info: org.openqa.selenium.ie.InternetExplorerDriver
Capabilities {browserAttachTimeout: 0, browserName: internet explorer, elementScrollBehavior: 0, enableElementCacheCleanup: true, enablePersistentHover: true, ie.browserCommandLineSwitches: , ie.enableFullPageScreenshot: true, ie.ensureCleanSession: false, ie.fileUploadDialogTimeout: 3000, ie.forceCreateProcessApi: false, ie.forceShellWindowsApi: false, ignoreProtectedModeSettings: true, ignoreZoomSetting: false, initialBrowserUrl: http://localhost:9199/, javascriptEnabled: true, nativeEvents: true, pageLoadStrategy: normal, platform: WINDOWS, platformName: WINDOWS, requireWindowFocus: false, unexpectedAlertBehaviour: dismiss, unhandledPromptBehavior: dismiss, version: 11}
Session ID: e6968dce-fc95-441c-9e66-867b9ea7c8c5
*** Element info: {Using=xpath, value=//section[@class='sidebar']//li[@id='tabSuspensions']//a[contains(.,'Suspensions')]}
	at org.openqa.selenium.remote.ErrorHandler.createThrowable(ErrorHandler.java:214)
	at org.openqa.selenium.remote.ErrorHandler.throwIfResponseFailed(ErrorHandler.java:166)
	at org.openqa.selenium.remote.http.JsonHttpResponseCodec.reconstructValue(JsonHttpResponseCodec.java:40)
	at org.openqa.selenium.remote.http.AbstractHttpResponseCodec.decode(AbstractHttpResponseCodec.java:80)
	at org.openqa.selenium.remote.http.AbstractHttpResponseCodec.decode(AbstractHttpResponseCodec.java:44)
	at org.openqa.selenium.remote.HttpCommandExecutor.execute(HttpCommandExecutor.java:164)
	at org.openqa.selenium.remote.service.DriverCommandExecutor.execute(DriverCommandExecutor.java:83)
	at org.openqa.selenium.remote.RemoteWebDriver.execute(RemoteWebDriver.java:600)
	at org.openqa.selenium.remote.RemoteWebDriver.findElement(RemoteWebDriver.java:370)
	at org.openqa.selenium.remote.RemoteWebDriver.findElementByXPath(RemoteWebDriver.java:472)
	at org.openqa.selenium.By$ByXPath.findElement(By.java:361)
	at org.openqa.selenium.remote.RemoteWebDriver.findElement(RemoteWebDriver.java:362)
	at com.generic.WrapperFunctions.scrollTab(WrapperFunctions.java:2461)
	at com.pageFactory.desktopReception.customerProfile_AddSuspendedSuspension_PF.clickSuspensionsTab(customerProfile_AddSuspendedSuspension_PF.java:98)
	at com.scripts.desktopReception.customerProfile_AddSuspendedSuspension.tc6421_addEditLiftSuspendedSuspensionToCustomerProfile(customerProfile_AddSuspendedSuspension.java:58)
... Removed 36 stack frames]]>
    </failure>
  </testcase> <!-- tc6421_addEditLiftSuspendedSuspensionToCustomerProfile -->
  <testcase name="addAssociatesToCustomerProfile" time="64.544" classname="com.scripts.desktopReception.customerProfile_AddAssociates">
    <skipped/>
  </testcase> <!-- addAssociatesToCustomerProfile -->
  <testcase name="addAssociatesToCustomerProfile" time="316.239" classname="com.scripts.desktopReception.customerProfile_AddAssociates"/>
  <testcase name="issueNew_LostAndReplacementCardToCustomer" time="30.276" classname="com.scripts.desktopReception.issueNewCard_LostAndReplacementCard">
    <skipped/>
  </testcase> <!-- issueNew_LostAndReplacementCardToCustomer -->
  <testcase name="issueNew_LostAndReplacementCardToCustomer" time="241.256" classname="com.scripts.desktopReception.issueNewCard_LostAndReplacementCard"/>
  <testcase name="verifyViewAddInterestsNPrefernces" time="111.61" classname="com.scripts.desktopReception.customerProfile_ViewAdd_InterestsNPrefernces"/>
  <testcase name="viewAuditDetails" time="90.017" classname="com.scripts.desktopReception.customerProfile_ViewAuditDetails"/>
  <testcase name="checkPlayerTracking_HospitalityTransaction" time="26.136" classname="com.scripts.noen.CashierAndManagerTC.PlayerTracking_HospitalityTransaction">
    <skipped/>
  </testcase> <!-- checkPlayerTracking_HospitalityTransaction -->
  <testcase name="checkPlayerTracking_HospitalityTransaction" time="16.189" classname="com.scripts.noen.CashierAndManagerTC.PlayerTracking_HospitalityTransaction">
    <failure type="org.openqa.selenium.WebDriverException" message="org.apache.http.conn.HttpHostConnectException: Connect to localhost:25912 [localhost/127.0.0.1, localhost/0:0:0:0:0:0:0:1] failed: Connection refused: connect
Build info: version: &amp;apos;3.7.1&amp;apos;, revision: &amp;apos;8a0099a&amp;apos;, time: &amp;apos;2017-11-06T21:01:39.354Z&amp;apos;
System info: host: &amp;apos;DFWQB9R2&amp;apos;, ip: &amp;apos;192.168.156.88&amp;apos;, os.name: &amp;apos;Windows 10&amp;apos;, os.arch: &amp;apos;amd64&amp;apos;, os.version: &amp;apos;10.0&amp;apos;, java.version: &amp;apos;1.8.0_162&amp;apos;
Driver info: driver.version: RemoteWebDriver">
      <![CDATA[org.openqa.selenium.WebDriverException: org.apache.http.conn.HttpHostConnectException: Connect to localhost:25912 [localhost/127.0.0.1, localhost/0:0:0:0:0:0:0:1] failed: Connection refused: connect
Build info: version: '3.7.1', revision: '8a0099a', time: '2017-11-06T21:01:39.354Z'
System info: host: 'DFWQB9R2', ip: '192.168.156.88', os.name: 'Windows 10', os.arch: 'amd64', os.version: '10.0', java.version: '1.8.0_162'
Driver info: driver.version: RemoteWebDriver
	at org.openqa.selenium.remote.service.DriverCommandExecutor.execute(DriverCommandExecutor.java:92)
	at org.openqa.selenium.remote.RemoteWebDriver.execute(RemoteWebDriver.java:600)
	at org.openqa.selenium.remote.RemoteWebDriver.findElements(RemoteWebDriver.java:397)
	at org.openqa.selenium.remote.RemoteWebDriver.findElementsByXPath(RemoteWebDriver.java:476)
	at org.openqa.selenium.By$ByXPath.findElements(By.java:356)
	at org.openqa.selenium.remote.RemoteWebDriver.findElements(RemoteWebDriver.java:358)
	at org.openqa.selenium.support.ui.ExpectedConditions.findElement(ExpectedConditions.java:881)
	at org.openqa.selenium.support.ui.ExpectedConditions.access$000(ExpectedConditions.java:43)
	at org.openqa.selenium.support.ui.ExpectedConditions$7.apply(ExpectedConditions.java:205)
	at org.openqa.selenium.support.ui.ExpectedConditions$7.apply(ExpectedConditions.java:201)
	at org.openqa.selenium.support.ui.FluentWait.until(FluentWait.java:208)
	at com.generic.WrapperFunctions.click(WrapperFunctions.java:730)
	at com.pageFactory.desktopReception.login_PF.login(login_PF.java:51)
	at com.scripts.noen.CashierAndManagerTC.PlayerTracking_HospitalityTransaction.checkPlayerTracking_HospitalityTransaction(PlayerTracking_HospitalityTransaction.java:36)
Caused by: org.apache.http.conn.HttpHostConnectException: Connect to localhost:25912 [localhost/127.0.0.1, localhost/0:0:0:0:0:0:0:1] failed: Connection refused: connect
	at org.apache.http.impl.conn.DefaultHttpClientConnectionOperator.connect(DefaultHttpClientConnectionOperator.java:159)
	at org.apache.http.impl.conn.PoolingHttpClientConnectionManager.connect(PoolingHttpClientConnectionManager.java:359)
	at org.apache.http.impl.execchain.MainClientExec.establishRoute(MainClientExec.java:381)
	at org.apache.http.impl.execchain.MainClientExec.execute(MainClientExec.java:237)
	at org.apache.http.impl.execchain.ProtocolExec.execute(ProtocolExec.java:185)
	at org.apache.http.impl.execchain.RetryExec.execute(RetryExec.java:89)
	at org.apache.http.impl.execchain.RedirectExec.execute(RedirectExec.java:111)
	at org.apache.http.impl.client.InternalHttpClient.doExecute(InternalHttpClient.java:185)
	at org.apache.http.impl.client.CloseableHttpClient.execute(CloseableHttpClient.java:72)
	at org.apache.http.impl.client.CloseableHttpClient.execute(CloseableHttpClient.java:56)
	at org.openqa.selenium.remote.internal.ApacheHttpClient.fallBackExecute(ApacheHttpClient.java:138)
	at org.openqa.selenium.remote.internal.ApacheHttpClient.execute(ApacheHttpClient.java:86)
	at org.openqa.selenium.remote.HttpCommandExecutor.execute(HttpCommandExecutor.java:161)
	at org.openqa.selenium.remote.service.DriverCommandExecutor.execute(DriverCommandExecutor.java:83)
	... 46 more
Caused by: java.net.ConnectException: Connection refused: connect
	at java.net.DualStackPlainSocketImpl.waitForConnect(Native Method)
	at java.net.DualStackPlainSocketImpl.socketConnect(DualStackPlainSocketImpl.java:85)
	at java.net.AbstractPlainSocketImpl.doConnect(AbstractPlainSocketImpl.java:350)
	at java.net.AbstractPlainSocketImpl.connectToAddress(AbstractPlainSocketImpl.java:206)
	at java.net.AbstractPlainSocketImpl.connect(AbstractPlainSocketImpl.java:188)
	at java.net.PlainSocketImpl.connect(PlainSocketImpl.java:172)
	at java.net.SocksSocketImpl.connect(SocksSocketImpl.java:392)
	at java.net.Socket.connect(Socket.java:589)
	at org.apache.http.conn.socket.PlainConnectionSocketFactory.connectSocket(PlainConnectionSocketFactory.java:75)
	at org.apache.http.impl.conn.DefaultHttpClientConnectionOperator.connect(DefaultHttpClientConnectionOperator.java:142)
	... 59 more
... Removed 33 stack frames]]>
    </failure>
  </testcase> <!-- checkPlayerTracking_HospitalityTransaction -->
  <testcase name="checkPlayerTrackingViewHospitalityTransaction" time="38.5" classname="com.scripts.noen.CashierAndManagerTC.PlayerTracking_ViewHospitalityTransaction"/>
  <testcase name="viewExpensesDetails" time="166.661" classname="com.scripts.desktopReception.customerProfile_ViewExpensesDetails"/>
  <testcase name="viewVisitsDetails" time="50.573" classname="com.scripts.desktopReception.customerProfile_ViewVisitsDetails"/>
  <testcase name="viewGamingDetails" time="170.084" classname="com.scripts.desktopReception.customerProfile_ViewGamingDetails"/>
  <testcase name="viewSummaryDetails" time="99.692" classname="com.scripts.desktopReception.customerProfile_ViewSummaryDetails"/>
  <testcase name="AddViewDueDiligenceDetailsToCustomerProfile" time="200.566" classname="com.scripts.desktopReception.customerProfile_AddViewDueDiligence"/>
  <testcase name="tc6692_AddoUTCOMEToEDDRecord" time="57.079" classname="com.scripts.desktopReception.TC6692_6694_ManagerDueDiligence_001_003"/>
  <testcase name="tc6388_AddNotesOnCustomerProfile" time="94.379" classname="com.scripts.noen.CustomerProfileTC.TC6412_CustomerProfileAddNotes"/>
  <testcase name="tc6413_editRemoveNoteOnCustomerProfile" time="103.034" classname="com.scripts.noen.CustomerProfileTC.TC6413_14_CustomerProfileViewAndRemoveNotes"/>
  <testcase name="checkCustomerProfileIdentifications" time="232.945" classname="com.scripts.noen.CustomerProfileTC.CustomerProfile_ProfileIdentifications"/>
  <testcase name="checkCustomerProfileViewRemoveAddAddress" time="443.731" classname="com.scripts.noen.CustomerProfileTC.CustomerProfile_TestCases"/>
  <testcase name="checkCustomerProfileViewAllTransactions" time="48.134" classname="com.scripts.noen.CustomerProfileTC.CustomerProfile_ViewAllTransactions"/>
  <testcase name="exchangeAndRedeemForegienCurrency" time="243.809" classname="com.scripts.noen.ForeignCurrency.CashDesk_ForeignCurrencyRelated"/>
  <testcase name="CashDeskImportCurrencyRate" time="205.865" classname="com.scripts.noen.ForeignCurrency.CashDeskImportCurrencyRate">
    <skipped/>
  </testcase> <!-- CashDeskImportCurrencyRate -->
  <testcase name="CashDeskImportCurrencyRate" time="246.115" classname="com.scripts.noen.ForeignCurrency.CashDeskImportCurrencyRate">
    <failure type="java.lang.AssertionError" message="expected [true] but found [false]">
      <![CDATA[java.lang.AssertionError: expected [true] but found [false]
	at com.generic.Utilities.addAssertTakeScreenShot(Utilities.java:383)
	at com.generic.Utilities.logReporter(Utilities.java:307)
	at com.pageFactory.CashierManagerTC.TopNavigation_CashDesk.verifyConfirmationMessage(TopNavigation_CashDesk.java:404)
	at com.pageFactory.CashierManagerTC.TopNavigation_CashDesk.importCurrencyRate(TopNavigation_CashDesk.java:381)
	at com.scripts.noen.ForeignCurrency.CashDeskImportCurrencyRate.CashDeskImportCurrencyRate(CashDeskImportCurrencyRate.java:31)
... Removed 37 stack frames]]>
    </failure>
  </testcase> <!-- CashDeskImportCurrencyRate -->
  <testcase name="setPinNumber" time="89.763" classname="com.scripts.noen.CustomerProfileTC.Test6440_SettingPinNumber"/>
  <testcase name="viewcashier_AssetEntryDetails" time="237.294" classname="com.scripts.noen.LEO_Tables.Test6629_TableDevices">
    <skipped/>
  </testcase> <!-- viewcashier_AssetEntryDetails -->
  <testcase name="viewcashier_AssetEntryDetails" time="31.046" classname="com.scripts.noen.LEO_Tables.Test6629_TableDevices">
    <failure type="org.openqa.selenium.WebDriverException" message="org.apache.http.conn.HttpHostConnectException: Connect to localhost:40953 [localhost/127.0.0.1, localhost/0:0:0:0:0:0:0:1] failed: Connection refused: connect
Build info: version: &amp;apos;3.7.1&amp;apos;, revision: &amp;apos;8a0099a&amp;apos;, time: &amp;apos;2017-11-06T21:01:39.354Z&amp;apos;
System info: host: &amp;apos;DFWQB9R2&amp;apos;, ip: &amp;apos;192.168.156.88&amp;apos;, os.name: &amp;apos;Windows 10&amp;apos;, os.arch: &amp;apos;amd64&amp;apos;, os.version: &amp;apos;10.0&amp;apos;, java.version: &amp;apos;1.8.0_162&amp;apos;
Driver info: driver.version: RemoteWebDriver">
      <![CDATA[org.openqa.selenium.WebDriverException: org.apache.http.conn.HttpHostConnectException: Connect to localhost:40953 [localhost/127.0.0.1, localhost/0:0:0:0:0:0:0:1] failed: Connection refused: connect
Build info: version: '3.7.1', revision: '8a0099a', time: '2017-11-06T21:01:39.354Z'
System info: host: 'DFWQB9R2', ip: '192.168.156.88', os.name: 'Windows 10', os.arch: 'amd64', os.version: '10.0', java.version: '1.8.0_162'
Driver info: driver.version: RemoteWebDriver
	at org.openqa.selenium.remote.service.DriverCommandExecutor.execute(DriverCommandExecutor.java:92)
	at org.openqa.selenium.remote.RemoteWebDriver.execute(RemoteWebDriver.java:600)
	at org.openqa.selenium.remote.RemoteWebDriver.findElements(RemoteWebDriver.java:397)
	at org.openqa.selenium.remote.RemoteWebDriver.findElementsByCssSelector(RemoteWebDriver.java:468)
	at org.openqa.selenium.By$ByCssSelector.findElements(By.java:441)
	at org.openqa.selenium.remote.RemoteWebDriver.findElements(RemoteWebDriver.java:358)
	at org.openqa.selenium.support.ui.ExpectedConditions.findElement(ExpectedConditions.java:881)
	at org.openqa.selenium.support.ui.ExpectedConditions.access$000(ExpectedConditions.java:43)
	at org.openqa.selenium.support.ui.ExpectedConditions$7.apply(ExpectedConditions.java:205)
	at org.openqa.selenium.support.ui.ExpectedConditions$7.apply(ExpectedConditions.java:201)
	at org.openqa.selenium.support.ui.FluentWait.until(FluentWait.java:208)
	at com.generic.WrapperFunctions.click(WrapperFunctions.java:730)
	at com.pageFactory.LEOTables.TableDevice_PF.NavigateToTableAccountingTab(TableDevice_PF.java:50)
	at com.scripts.noen.LEO_Tables.Test6629_TableDevices.viewcashier_AssetEntryDetails(Test6629_TableDevices.java:28)
Caused by: org.apache.http.conn.HttpHostConnectException: Connect to localhost:40953 [localhost/127.0.0.1, localhost/0:0:0:0:0:0:0:1] failed: Connection refused: connect
	at org.apache.http.impl.conn.DefaultHttpClientConnectionOperator.connect(DefaultHttpClientConnectionOperator.java:159)
	at org.apache.http.impl.conn.PoolingHttpClientConnectionManager.connect(PoolingHttpClientConnectionManager.java:359)
	at org.apache.http.impl.execchain.MainClientExec.establishRoute(MainClientExec.java:381)
	at org.apache.http.impl.execchain.MainClientExec.execute(MainClientExec.java:237)
	at org.apache.http.impl.execchain.ProtocolExec.execute(ProtocolExec.java:185)
	at org.apache.http.impl.execchain.RetryExec.execute(RetryExec.java:89)
	at org.apache.http.impl.execchain.RedirectExec.execute(RedirectExec.java:111)
	at org.apache.http.impl.client.InternalHttpClient.doExecute(InternalHttpClient.java:185)
	at org.apache.http.impl.client.CloseableHttpClient.execute(CloseableHttpClient.java:72)
	at org.apache.http.impl.client.CloseableHttpClient.execute(CloseableHttpClient.java:56)
	at org.openqa.selenium.remote.internal.ApacheHttpClient.fallBackExecute(ApacheHttpClient.java:138)
	at org.openqa.selenium.remote.internal.ApacheHttpClient.execute(ApacheHttpClient.java:86)
	at org.openqa.selenium.remote.HttpCommandExecutor.execute(HttpCommandExecutor.java:161)
	at org.openqa.selenium.remote.service.DriverCommandExecutor.execute(DriverCommandExecutor.java:83)
	... 46 more
Caused by: java.net.ConnectException: Connection refused: connect
	at java.net.DualStackPlainSocketImpl.waitForConnect(Native Method)
	at java.net.DualStackPlainSocketImpl.socketConnect(DualStackPlainSocketImpl.java:85)
	at java.net.AbstractPlainSocketImpl.doConnect(AbstractPlainSocketImpl.java:350)
	at java.net.AbstractPlainSocketImpl.connectToAddress(AbstractPlainSocketImpl.java:206)
	at java.net.AbstractPlainSocketImpl.connect(AbstractPlainSocketImpl.java:188)
	at java.net.PlainSocketImpl.connect(PlainSocketImpl.java:172)
	at java.net.SocksSocketImpl.connect(SocksSocketImpl.java:392)
	at java.net.Socket.connect(Socket.java:589)
	at org.apache.http.conn.socket.PlainConnectionSocketFactory.connectSocket(PlainConnectionSocketFactory.java:75)
	at org.apache.http.impl.conn.DefaultHttpClientConnectionOperator.connect(DefaultHttpClientConnectionOperator.java:142)
	... 59 more
... Removed 33 stack frames]]>
    </failure>
  </testcase> <!-- viewcashier_AssetEntryDetails -->
</testsuite> <!-- SAW -->
