<?xml version="1.0" encoding="UTF-8"?>
<!-- Generated by org.testng.reporters.JUnitReportReporter -->
<testsuite hostname="D90D3CQ1" name="com.scripts.EDD.TC14261_VerifyCustomerCanBeSetToSuspended_EDD" tests="1" failures="1" timestamp="20 Jun 2018 18:03:06 GMT" time="226.803" errors="0">
  <testcase name="tc14261_SetSuspendedEDDToCustomerProfile" time="226.803" classname="com.scripts.EDD.TC14261_VerifyCustomerCanBeSetToSuspended_EDD">
    <failure type="java.lang.AssertionError" message="expected [true] but found [false]">
      <![CDATA[java.lang.AssertionError: expected [true] but found [false]
	at org.testng.Assert.fail(Assert.java:94)
	at org.testng.Assert.failNotEquals(Assert.java:496)
	at org.testng.Assert.assertTrue(Assert.java:42)
	at org.testng.Assert.assertTrue(Assert.java:52)
	at com.generic.Utilities.addAssertTakeScreenShot(Utilities.java:383)
	at com.generic.Utilities.logReporter(Utilities.java:307)
	at com.pageFactory.EDD.CustomerProfile_Suspension.verifySuspensionStatusDisplayedOnCustomerDetailsPage(CustomerProfile_Suspension.java:229)
	at views.CommonView.verifySuspensionStatusDisplayOrNot(CommonView.java:65)
	at com.scripts.EDD.TC14261_VerifyCustomerCanBeSetToSuspended_EDD.tc14261_SetSuspendedEDDToCustomerProfile(TC14261_VerifyCustomerCanBeSetToSuspended_EDD.java:54)
	at sun.reflect.NativeMethodAccessorImpl.invoke0(Native Method)
	at sun.reflect.NativeMethodAccessorImpl.invoke(NativeMethodAccessorImpl.java:57)
	at sun.reflect.DelegatingMethodAccessorImpl.invoke(DelegatingMethodAccessorImpl.java:43)
	at java.lang.reflect.Method.invoke(Method.java:606)
	at org.testng.internal.MethodInvocationHelper.invokeMethod(MethodInvocationHelper.java:85)
	at org.testng.internal.Invoker.invokeMethod(Invoker.java:639)
	at org.testng.internal.Invoker.invokeTestMethod(Invoker.java:821)
	at org.testng.internal.Invoker.invokeTestMethods(Invoker.java:1131)
	at org.testng.internal.TestMethodWorker.invokeTestMethods(TestMethodWorker.java:124)
	at org.testng.internal.TestMethodWorker.run(TestMethodWorker.java:108)
	at org.testng.TestRunner.privateRun(TestRunner.java:773)
	at org.testng.TestRunner.run(TestRunner.java:623)
	at org.testng.SuiteRunner.runTest(SuiteRunner.java:357)
	at org.testng.SuiteRunner.runSequentially(SuiteRunner.java:352)
	at org.testng.SuiteRunner.privateRun(SuiteRunner.java:310)
	at org.testng.SuiteRunner.run(SuiteRunner.java:259)
	at org.testng.SuiteRunnerWorker.runSuite(SuiteRunnerWorker.java:52)
	at org.testng.SuiteRunnerWorker.run(SuiteRunnerWorker.java:86)
	at org.testng.TestNG.runSuitesSequentially(TestNG.java:1185)
	at org.testng.TestNG.runSuitesLocally(TestNG.java:1110)
	at org.testng.TestNG.run(TestNG.java:1018)
	at org.testng.remote.AbstractRemoteTestNG.run(AbstractRemoteTestNG.java:132)
	at org.testng.remote.RemoteTestNG.initAndRun(RemoteTestNG.java:236)
	at org.testng.remote.RemoteTestNG.main(RemoteTestNG.java:81)
]]>
    </failure>
  </testcase> <!-- tc14261_SetSuspendedEDDToCustomerProfile -->
</testsuite> <!-- com.scripts.EDD.TC14261_VerifyCustomerCanBeSetToSuspended_EDD -->
