<?xml version="1.0" encoding="UTF-8"?>
<!-- Generated by org.testng.reporters.JUnitReportReporter -->
<testsuite skipped="0" hostname="L-INE-FPQCQG3" name="com.scripts.desktopReception.customerProfile_ViewAuditDetails" tests="1" failures="0" timestamp="29 Nov 2023 13:40:46 GMT" time="83.072" errors="0">
  <testcase name="viewAuditDetails" time="83.072" classname="com.scripts.desktopReception.customerProfile_ViewAuditDetails"/>
</testsuite> <!-- com.scripts.desktopReception.customerProfile_ViewAuditDetails -->
