<?xml version="1.0" encoding="UTF-8"?>
<!-- Generated by org.testng.reporters.JUnitReportReporter -->
<testsuite skipped="0" hostname="L-INE-FPQCQG3" name="com.scripts.noen.Reports.Test6447_ReportRegistrationDeatils" tests="1" failures="0" timestamp="16 Nov 2023 06:57:44 GMT" time="126.307" errors="0">
  <testcase name="Test6447verifyRegistrationDeatilsReport" time="126.307" classname="com.scripts.noen.Reports.Test6447_ReportRegistrationDeatils"/>
</testsuite> <!-- com.scripts.noen.Reports.Test6447_ReportRegistrationDeatils -->
