<?xml version="1.0" encoding="UTF-8"?>
<!-- Generated by org.testng.reporters.JUnitReportReporter -->
<testsuite skipped="0" hostname="L-INE-FPQCQG3" name="com.scripts.desktopReception.customerProfile_ViewVisitsDetails" tests="1" failures="0" timestamp="29 Nov 2023 13:16:32 GMT" time="74.614" errors="0">
  <testcase name="viewVisitsDetails" time="74.614" classname="com.scripts.desktopReception.customerProfile_ViewVisitsDetails"/>
</testsuite> <!-- com.scripts.desktopReception.customerProfile_ViewVisitsDetails -->
