<?xml version="1.0" encoding="UTF-8"?>
<!-- Generated by org.testng.reporters.JUnitReportReporter -->
<testsuite hostname="D90D3CQ1" name="com.scripts.EDD.TC14246_EnsureUserCanAddNextStepToEDDRecord" tests="1" failures="0" timestamp="25 Jun 2018 04:19:40 GMT" time="340.528" errors="1">
  <testcase name="tc14252_AddNextStepToEDDRecord" time="340.528" classname="com.scripts.EDD.TC14246_EnsureUserCanAddNextStepToEDDRecord">
    <error type="org.openqa.selenium.TimeoutException" message="Timed out after 30 seconds waiting for visibility of element located by By.xpath: //button[@data-ig-type=&#039;OK&#039;]
Build info: version: &#039;2.53.0&#039;, revision: &#039;35ae25b1534ae328c771e0856c93e187490ca824&#039;, time: &#039;2016-03-15 10:43:46&#039;
System info: host: &#039;D90D3CQ1&#039;, ip: &#039;192.168.156.51&#039;, os.name: &#039;Windows 7&#039;, os.arch: &#039;x86&#039;, os.version: &#039;6.1&#039;, java.version: &#039;1.7.0_51&#039;
Session ID: 74ee9d34-a239-434b-bf24-73284419a3e2
Driver info: org.openqa.selenium.ie.InternetExplorerDriver
Capabilities [{platform=WINDOWS, javascriptEnabled=true, elementScrollBehavior=0, ignoreZoomSetting=false, enablePersistentHover=true, ie.ensureCleanSession=false, browserName=internet explorer, enableElementCacheCleanup=true, ie.enableFullPageScreenshot=true, unexpectedAlertBehaviour=dismiss, ie.fileUploadDialogTimeout=3000, ie.forceShellWindowsApi=false, version=11, pageLoadStrategy=normal, ignoreProtectedModeSettings=true, requireWindowFocus=false, initialBrowserUrl=http://localhost:22946/, ie.forceCreateProcessApi=false, nativeEvents=true, browserAttachTimeout=0, ie.browserCommandLineSwitches=}]">
      <![CDATA[org.openqa.selenium.TimeoutException: Timed out after 30 seconds waiting for visibility of element located by By.xpath: //button[@data-ig-type='OK']
Build info: version: '2.53.0', revision: '35ae25b1534ae328c771e0856c93e187490ca824', time: '2016-03-15 10:43:46'
System info: host: 'D90D3CQ1', ip: '192.168.156.51', os.name: 'Windows 7', os.arch: 'x86', os.version: '6.1', java.version: '1.7.0_51'
Session ID: 74ee9d34-a239-434b-bf24-73284419a3e2
Driver info: org.openqa.selenium.ie.InternetExplorerDriver
Capabilities [{platform=WINDOWS, javascriptEnabled=true, elementScrollBehavior=0, ignoreZoomSetting=false, enablePersistentHover=true, ie.ensureCleanSession=false, browserName=internet explorer, enableElementCacheCleanup=true, ie.enableFullPageScreenshot=true, unexpectedAlertBehaviour=dismiss, ie.fileUploadDialogTimeout=3000, ie.forceShellWindowsApi=false, version=11, pageLoadStrategy=normal, ignoreProtectedModeSettings=true, requireWindowFocus=false, initialBrowserUrl=http://localhost:22946/, ie.forceCreateProcessApi=false, nativeEvents=true, browserAttachTimeout=0, ie.browserCommandLineSwitches=}]
	at org.openqa.selenium.support.ui.WebDriverWait.timeoutException(WebDriverWait.java:80)
	at org.openqa.selenium.support.ui.FluentWait.until(FluentWait.java:261)
	at com.generic.WrapperFunctions.click(WrapperFunctions.java:715)
	at com.pageFactory.desktopReception.customerProfile_AddViewDueDiligence_PF.clickOnOk(customerProfile_AddViewDueDiligence_PF.java:191)
	at com.scripts.EDD.TC14246_EnsureUserCanAddNextStepToEDDRecord.tc14252_AddNextStepToEDDRecord(TC14246_EnsureUserCanAddNextStepToEDDRecord.java:65)
	at sun.reflect.NativeMethodAccessorImpl.invoke0(Native Method)
	at sun.reflect.NativeMethodAccessorImpl.invoke(NativeMethodAccessorImpl.java:57)
	at sun.reflect.DelegatingMethodAccessorImpl.invoke(DelegatingMethodAccessorImpl.java:43)
	at java.lang.reflect.Method.invoke(Method.java:606)
	at org.testng.internal.MethodInvocationHelper.invokeMethod(MethodInvocationHelper.java:85)
	at org.testng.internal.Invoker.invokeMethod(Invoker.java:639)
	at org.testng.internal.Invoker.invokeTestMethod(Invoker.java:821)
	at org.testng.internal.Invoker.invokeTestMethods(Invoker.java:1131)
	at org.testng.internal.TestMethodWorker.invokeTestMethods(TestMethodWorker.java:124)
	at org.testng.internal.TestMethodWorker.run(TestMethodWorker.java:108)
	at org.testng.TestRunner.privateRun(TestRunner.java:773)
	at org.testng.TestRunner.run(TestRunner.java:623)
	at org.testng.SuiteRunner.runTest(SuiteRunner.java:357)
	at org.testng.SuiteRunner.runSequentially(SuiteRunner.java:352)
	at org.testng.SuiteRunner.privateRun(SuiteRunner.java:310)
	at org.testng.SuiteRunner.run(SuiteRunner.java:259)
	at org.testng.SuiteRunnerWorker.runSuite(SuiteRunnerWorker.java:52)
	at org.testng.SuiteRunnerWorker.run(SuiteRunnerWorker.java:86)
	at org.testng.TestNG.runSuitesSequentially(TestNG.java:1185)
	at org.testng.TestNG.runSuitesLocally(TestNG.java:1110)
	at org.testng.TestNG.run(TestNG.java:1018)
	at org.testng.remote.AbstractRemoteTestNG.run(AbstractRemoteTestNG.java:132)
	at org.testng.remote.RemoteTestNG.initAndRun(RemoteTestNG.java:236)
	at org.testng.remote.RemoteTestNG.main(RemoteTestNG.java:81)
Caused by: org.openqa.selenium.NoSuchElementException: Unable to find element with xpath == //button[@data-ig-type='OK'] (WARNING: The server did not provide any stacktrace information)
Command duration or timeout: 40.07 seconds
For documentation on this error, please visit: http://seleniumhq.org/exceptions/no_such_element.html
Build info: version: '2.53.0', revision: '35ae25b1534ae328c771e0856c93e187490ca824', time: '2016-03-15 10:43:46'
System info: host: 'D90D3CQ1', ip: '192.168.156.51', os.name: 'Windows 7', os.arch: 'x86', os.version: '6.1', java.version: '1.7.0_51'
*** Element info: {Using=xpath, value=//button[@data-ig-type='OK']}
Session ID: 74ee9d34-a239-434b-bf24-73284419a3e2
Driver info: org.openqa.selenium.ie.InternetExplorerDriver
Capabilities [{platform=WINDOWS, javascriptEnabled=true, elementScrollBehavior=0, ignoreZoomSetting=false, enablePersistentHover=true, ie.ensureCleanSession=false, browserName=internet explorer, enableElementCacheCleanup=true, ie.enableFullPageScreenshot=true, unexpectedAlertBehaviour=dismiss, ie.fileUploadDialogTimeout=3000, ie.forceShellWindowsApi=false, version=11, pageLoadStrategy=normal, ignoreProtectedModeSettings=true, requireWindowFocus=false, initialBrowserUrl=http://localhost:22946/, ie.forceCreateProcessApi=false, nativeEvents=true, browserAttachTimeout=0, ie.browserCommandLineSwitches=}]
	at sun.reflect.NativeConstructorAccessorImpl.newInstance0(Native Method)
	at sun.reflect.NativeConstructorAccessorImpl.newInstance(NativeConstructorAccessorImpl.java:57)
	at sun.reflect.DelegatingConstructorAccessorImpl.newInstance(DelegatingConstructorAccessorImpl.java:45)
	at java.lang.reflect.Constructor.newInstance(Constructor.java:526)
	at org.openqa.selenium.remote.ErrorHandler.createThrowable(ErrorHandler.java:206)
	at org.openqa.selenium.remote.ErrorHandler.throwIfResponseFailed(ErrorHandler.java:158)
	at org.openqa.selenium.remote.RemoteWebDriver.execute(RemoteWebDriver.java:678)
	at org.openqa.selenium.remote.RemoteWebDriver.findElement(RemoteWebDriver.java:363)
	at org.openqa.selenium.remote.RemoteWebDriver.findElementByXPath(RemoteWebDriver.java:500)
	at org.openqa.selenium.By$ByXPath.findElement(By.java:361)
	at org.openqa.selenium.remote.RemoteWebDriver.findElement(RemoteWebDriver.java:355)
	at org.openqa.selenium.support.ui.ExpectedConditions.findElement(ExpectedConditions.java:899)
	at org.openqa.selenium.support.ui.ExpectedConditions.access$000(ExpectedConditions.java:41)
	at org.openqa.selenium.support.ui.ExpectedConditions$7.apply(ExpectedConditions.java:205)
	at org.openqa.selenium.support.ui.ExpectedConditions$7.apply(ExpectedConditions.java:201)
	at org.openqa.selenium.support.ui.FluentWait.until(FluentWait.java:238)
	... 27 more
]]>
    </error>
  </testcase> <!-- tc14252_AddNextStepToEDDRecord -->
</testsuite> <!-- com.scripts.EDD.TC14246_EnsureUserCanAddNextStepToEDDRecord -->
