<?xml version="1.0" encoding="UTF-8"?>
<testsuite name="TestSuite" time="1,055.601" tests="9" errors="0" skipped="0" failures="3">
  <properties>
[...]
</properties>
  <testcase name="RegisterAndViewCustomerDetails" classname="com.scripts.desktopReception.customer_RegisterAndViewDetails" time="244.561"/>
  <testcase name="addCreditBankDeatils_CreditAccountTC" classname="com.scripts.noen.CashierAndManagerTC.CreditAccountTestCases" time="123.634"/>
  <testcase name="addDebitCardAsElectronic" classname="com.scripts.desktopReception.CreditTransactions001" time="132.167"/>
  <testcase name="VerifyAddDebitCardManualSameCard" classname="com.scripts.noen.CashierAndManagerTC.AddDebitCardManualSameCard" time="188.724">
    <failure message="expected [true] but found [false]" type="java.lang.AssertionError">java.lang.AssertionError: expected [true] but found [false]
	at org.testng.Assert.fail(Assert.java:94)
	at org.testng.Assert.failNotEquals(Assert.java:496)
	at org.testng.Assert.assertTrue(Assert.java:42)
	at org.testng.Assert.assertTrue(Assert.java:52)
	at com.generic.Utilities.addAssertTakeScreenShot(Utilities.java:383)
	at com.generic.Utilities.logReporter(Utilities.java:307)
	at com.pageFactory.CashierManagerTC.TopNavigation_Credit.addDebitCardForSameCard(TopNavigation_Credit.java:703)
	at com.scripts.noen.CashierAndManagerTC.AddDebitCardManualSameCard.VerifyAddDebitCardManualSameCard(AddDebitCardManualSameCard.java:36)
</failure>
    <system-out>Closing browser 
ScriptName : com.scripts.noen.CashierAndManagerTC.AddDebitCardManualSameCard
RankGroup07
locator displayed By.xpath: //button[@class='btn btn-default'][contains(.,'OK')]
locator displayed By.xpath: //button[@class='btn btn-default'][contains(.,'OK')]
locator displayed By.xpath: //button[@class='btn btn-default'][contains(.,'OK')]
locator displayed By.xpath: //button[@class='btn btn-default'][contains(.,'OK')]
locator displayed By.xpath: //button[@class='btn btn-default'][contains(.,'OK')]
Top Navigation Credit clicked
find :By.xpath: //label[contains(.,'Account Name')]
find :By.xpath: //label[contains(.,'Account Name')]//following-sibling::span
AccountName :V Tnywh
find :By.xpath: //label[contains(.,'Account Number')]
find :By.xpath: //label[contains(.,'Account Number')]//following-sibling::span
AccountNumber :1955225369
find :By.xpath: //label[contains(.,'Bank')]
find :By.xpath: //label[contains(.,'Bank')]//following-sibling::span
Bank :Barclays Bank Plc
find :By.xpath: //label[contains(.,'Name')]
find :By.xpath: //label[contains(.,'Name')]//following-sibling::span
custName :V Tnywh
find :By.xpath: //label[contains(.,'Customer Number')]
find :By.xpath: //label[contains(.,'Customer Number')]//following-sibling::span
CustomerNumber :1955225369
find :By.xpath: //label[contains(.,'Date Of Birth')]
find :By.xpath: //label[contains(.,'Date Of Birth')]//following-sibling::span
DOB :18/02/1977
customer details displayed correctly
locator displayed By.xpath: //td//span[@class='ng-binding'][contains(.,'Gadekar')]
find :By.xpath: //div[@class='modal-body ig-modal-scroll'][contains(.,'Process Transaction:')]
find :By.xpath: //div[@class='modal-body ig-modal-scroll'][contains(.,'Transaction completed')]
Debit Card added successfully using Manual Transcation Type
find :By.xpath: //button[@id='buttonSameCard'][contains(.,'Same Card')]
cust : 1955225369
locator displayed By.xpath: //td//span[@class='ng-binding'][contains(.,'Gadekar')]
find :By.xpath: //div[@class='modal-body ig-modal-scroll'][contains(.,'Process Transaction:')]
locator displayed By.cssSelector: button[data-ig-type='YES']
locator displayed By.cssSelector: button[data-ig-type='YES']
</system-out>
    <system-err>Started InternetExplorerDriver server (32-bit)
3.3.0.0
Listening on port 1717
Only local connections are allowed
Apr 09, 2019 12:16:17 PM org.openqa.selenium.remote.ProtocolHandshake createSession
INFO: Detected dialect: OSS
org.openqa.selenium.NoSuchElementException: Unable to find element with xpath == //button[@data-ig-type='OK'] (WARNING: The server did not provide any stacktrace information)
Command duration or timeout: 0 milliseconds
For documentation on this error, please visit: http://seleniumhq.org/exceptions/no_such_element.html
Build info: version: '3.7.1', revision: '8a0099a', time: '2017-11-06T21:01:39.354Z'
System info: host: 'DFWQB9R2', ip: '192.168.156.88', os.name: 'Windows 10', os.arch: 'amd64', os.version: '10.0', java.version: '1.8.0_162'
Driver info: org.openqa.selenium.ie.InternetExplorerDriver
Capabilities {browserAttachTimeout: 0, browserName: internet explorer, elementScrollBehavior: 0, enableElementCacheCleanup: true, enablePersistentHover: true, ie.browserCommandLineSwitches: , ie.enableFullPageScreenshot: true, ie.ensureCleanSession: false, ie.fileUploadDialogTimeout: 3000, ie.forceCreateProcessApi: false, ie.forceShellWindowsApi: false, ignoreProtectedModeSettings: true, ignoreZoomSetting: false, initialBrowserUrl: http://localhost:1717/, javascriptEnabled: true, nativeEvents: true, pageLoadStrategy: normal, platform: WINDOWS, platformName: WINDOWS, requireWindowFocus: false, unexpectedAlertBehaviour: dismiss, unhandledPromptBehavior: dismiss, version: 11}
Session ID: 4408b247-05e7-4810-8c61-cbdb6a95e2bf
*** Element info: {Using=xpath, value=//button[@data-ig-type='OK']}
	at sun.reflect.NativeConstructorAccessorImpl.newInstance0(Native Method)
	at sun.reflect.NativeConstructorAccessorImpl.newInstance(NativeConstructorAccessorImpl.java:62)
	at sun.reflect.DelegatingConstructorAccessorImpl.newInstance(DelegatingConstructorAccessorImpl.java:45)
	at java.lang.reflect.Constructor.newInstance(Constructor.java:423)
	at org.openqa.selenium.remote.ErrorHandler.createThrowable(ErrorHandler.java:214)
	at org.openqa.selenium.remote.ErrorHandler.throwIfResponseFailed(ErrorHandler.java:166)
	at org.openqa.selenium.remote.http.JsonHttpResponseCodec.reconstructValue(JsonHttpResponseCodec.java:40)
	at org.openqa.selenium.remote.http.AbstractHttpResponseCodec.decode(AbstractHttpResponseCodec.java:80)
	at org.openqa.selenium.remote.http.AbstractHttpResponseCodec.decode(AbstractHttpResponseCodec.java:44)
	at org.openqa.selenium.remote.HttpCommandExecutor.execute(HttpCommandExecutor.java:164)
	at org.openqa.selenium.remote.service.DriverCommandExecutor.execute(DriverCommandExecutor.java:83)
	at org.openqa.selenium.remote.RemoteWebDriver.execute(RemoteWebDriver.java:600)
	at org.openqa.selenium.remote.RemoteWebDriver.findElement(RemoteWebDriver.java:370)
	at org.openqa.selenium.remote.RemoteWebDriver.findElementByXPath(RemoteWebDriver.java:472)
	at org.openqa.selenium.By$ByXPath.findElement(By.java:361)
	at org.openqa.selenium.remote.RemoteWebDriver.findElement(RemoteWebDriver.java:362)
	at com.generic.WrapperFunctions.checkElementDisplyed(WrapperFunctions.java:365)
	at com.pageFactory.CashierManagerTC.TopNavigation_Credit.addDebitCard(TopNavigation_Credit.java:604)
	at com.scripts.noen.CashierAndManagerTC.AddDebitCardManualSameCard.VerifyAddDebitCardManualSameCard(AddDebitCardManualSameCard.java:35)
	at sun.reflect.NativeMethodAccessorImpl.invoke0(Native Method)
	at sun.reflect.NativeMethodAccessorImpl.invoke(NativeMethodAccessorImpl.java:62)
	at sun.reflect.DelegatingMethodAccessorImpl.invoke(DelegatingMethodAccessorImpl.java:43)
	at java.lang.reflect.Method.invoke(Method.java:498)
	at org.testng.internal.MethodInvocationHelper.invokeMethod(MethodInvocationHelper.java:85)
	at org.testng.internal.Invoker.invokeMethod(Invoker.java:639)
	at org.testng.internal.Invoker.invokeTestMethod(Invoker.java:821)
	at org.testng.internal.Invoker.invokeTestMethods(Invoker.java:1131)
	at org.testng.internal.TestMethodWorker.invokeTestMethods(TestMethodWorker.java:124)
	at org.testng.internal.TestMethodWorker.run(TestMethodWorker.java:108)
	at org.testng.TestRunner.privateRun(TestRunner.java:773)
	at org.testng.TestRunner.run(TestRunner.java:623)
	at org.testng.SuiteRunner.runTest(SuiteRunner.java:357)
	at org.testng.SuiteRunner.runSequentially(SuiteRunner.java:352)
	at org.testng.SuiteRunner.privateRun(SuiteRunner.java:310)
	at org.testng.SuiteRunner.run(SuiteRunner.java:259)
	at org.testng.SuiteRunnerWorker.runSuite(SuiteRunnerWorker.java:52)
	at org.testng.SuiteRunnerWorker.run(SuiteRunnerWorker.java:86)
	at org.testng.TestNG.runSuitesSequentially(TestNG.java:1185)
	at org.testng.TestNG.runSuitesLocally(TestNG.java:1110)
	at org.testng.TestNG.run(TestNG.java:1018)
	at org.apache.maven.surefire.testng.TestNGExecutor.run(TestNGExecutor.java:178)
	at org.apache.maven.surefire.testng.TestNGXmlTestSuite.execute(TestNGXmlTestSuite.java:92)
	at org.apache.maven.surefire.testng.TestNGProvider.invoke(TestNGProvider.java:96)
	at sun.reflect.NativeMethodAccessorImpl.invoke0(Native Method)
	at sun.reflect.NativeMethodAccessorImpl.invoke(NativeMethodAccessorImpl.java:62)
	at sun.reflect.DelegatingMethodAccessorImpl.invoke(DelegatingMethodAccessorImpl.java:43)
	at java.lang.reflect.Method.invoke(Method.java:498)
	at org.apache.maven.surefire.util.ReflectionUtils.invokeMethodWithArray2(ReflectionUtils.java:208)
	at org.apache.maven.surefire.booter.ProviderFactory$ProviderProxy.invoke(ProviderFactory.java:158)
	at org.apache.maven.surefire.booter.ProviderFactory.invokeProvider(ProviderFactory.java:86)
	at org.apache.maven.surefire.booter.ForkedBooter.runSuitesInProcess(ForkedBooter.java:153)
	at org.apache.maven.surefire.booter.ForkedBooter.main(ForkedBooter.java:95)
org.openqa.selenium.NoSuchElementException: Unable to find element with xpath == //div[@class='modal-body ig-modal-scroll'][contains(.,'This person has no visit record for today. Generate a visit for this customer?')] (WARNING: The server did not provide any stacktrace information)
Command duration or timeout: 0 milliseconds
For documentation on this error, please visit: http://seleniumhq.org/exceptions/no_such_element.html
Build info: version: '3.7.1', revision: '8a0099a', time: '2017-11-06T21:01:39.354Z'
System info: host: 'DFWQB9R2', ip: '192.168.156.88', os.name: 'Windows 10', os.arch: 'amd64', os.version: '10.0', java.version: '1.8.0_162'
Driver info: org.openqa.selenium.ie.InternetExplorerDriver
Capabilities {browserAttachTimeout: 0, browserName: internet explorer, elementScrollBehavior: 0, enableElementCacheCleanup: true, enablePersistentHover: true, ie.browserCommandLineSwitches: , ie.enableFullPageScreenshot: true, ie.ensureCleanSession: false, ie.fileUploadDialogTimeout: 3000, ie.forceCreateProcessApi: false, ie.forceShellWindowsApi: false, ignoreProtectedModeSettings: true, ignoreZoomSetting: false, initialBrowserUrl: http://localhost:1717/, javascriptEnabled: true, nativeEvents: true, pageLoadStrategy: normal, platform: WINDOWS, platformName: WINDOWS, requireWindowFocus: false, unexpectedAlertBehaviour: dismiss, unhandledPromptBehavior: dismiss, version: 11}
Session ID: 4408b247-05e7-4810-8c61-cbdb6a95e2bf
*** Element info: {Using=xpath, value=//div[@class='modal-body ig-modal-scroll'][contains(.,'This person has no visit record for today. Generate a visit for this customer?')]}
	at sun.reflect.NativeConstructorAccessorImpl.newInstance0(Native Method)
	at sun.reflect.NativeConstructorAccessorImpl.newInstance(NativeConstructorAccessorImpl.java:62)
	at sun.reflect.DelegatingConstructorAccessorImpl.newInstance(DelegatingConstructorAccessorImpl.java:45)
	at java.lang.reflect.Constructor.newInstance(Constructor.java:423)
	at org.openqa.selenium.remote.ErrorHandler.createThrowable(ErrorHandler.java:214)
	at org.openqa.selenium.remote.ErrorHandler.throwIfResponseFailed(ErrorHandler.java:166)
	at org.openqa.selenium.remote.http.JsonHttpResponseCodec.reconstructValue(JsonHttpResponseCodec.java:40)
	at org.openqa.selenium.remote.http.AbstractHttpResponseCodec.decode(AbstractHttpResponseCodec.java:80)
	at org.openqa.selenium.remote.http.AbstractHttpResponseCodec.decode(AbstractHttpResponseCodec.java:44)
	at org.openqa.selenium.remote.HttpCommandExecutor.execute(HttpCommandExecutor.java:164)
	at org.openqa.selenium.remote.service.DriverCommandExecutor.execute(DriverCommandExecutor.java:83)
	at org.openqa.selenium.remote.RemoteWebDriver.execute(RemoteWebDriver.java:600)
	at org.openqa.selenium.remote.RemoteWebDriver.findElement(RemoteWebDriver.java:370)
	at org.openqa.selenium.remote.RemoteWebDriver.findElementByXPath(RemoteWebDriver.java:472)
	at org.openqa.selenium.By$ByXPath.findElement(By.java:361)
	at org.openqa.selenium.remote.RemoteWebDriver.findElement(RemoteWebDriver.java:362)
	at com.generic.WrapperFunctions.checkElementDisplyed(WrapperFunctions.java:365)
	at com.pageFactory.CashierManagerTC.TopNavigation_Credit.addDebitCard(TopNavigation_Credit.java:656)
	at com.scripts.noen.CashierAndManagerTC.AddDebitCardManualSameCard.VerifyAddDebitCardManualSameCard(AddDebitCardManualSameCard.java:35)
	at sun.reflect.NativeMethodAccessorImpl.invoke0(Native Method)
	at sun.reflect.NativeMethodAccessorImpl.invoke(NativeMethodAccessorImpl.java:62)
	at sun.reflect.DelegatingMethodAccessorImpl.invoke(DelegatingMethodAccessorImpl.java:43)
	at java.lang.reflect.Method.invoke(Method.java:498)
	at org.testng.internal.MethodInvocationHelper.invokeMethod(MethodInvocationHelper.java:85)
	at org.testng.internal.Invoker.invokeMethod(Invoker.java:639)
	at org.testng.internal.Invoker.invokeTestMethod(Invoker.java:821)
	at org.testng.internal.Invoker.invokeTestMethods(Invoker.java:1131)
	at org.testng.internal.TestMethodWorker.invokeTestMethods(TestMethodWorker.java:124)
	at org.testng.internal.TestMethodWorker.run(TestMethodWorker.java:108)
	at org.testng.TestRunner.privateRun(TestRunner.java:773)
	at org.testng.TestRunner.run(TestRunner.java:623)
	at org.testng.SuiteRunner.runTest(SuiteRunner.java:357)
	at org.testng.SuiteRunner.runSequentially(SuiteRunner.java:352)
	at org.testng.SuiteRunner.privateRun(SuiteRunner.java:310)
	at org.testng.SuiteRunner.run(SuiteRunner.java:259)
	at org.testng.SuiteRunnerWorker.runSuite(SuiteRunnerWorker.java:52)
	at org.testng.SuiteRunnerWorker.run(SuiteRunnerWorker.java:86)
	at org.testng.TestNG.runSuitesSequentially(TestNG.java:1185)
	at org.testng.TestNG.runSuitesLocally(TestNG.java:1110)
	at org.testng.TestNG.run(TestNG.java:1018)
	at org.apache.maven.surefire.testng.TestNGExecutor.run(TestNGExecutor.java:178)
	at org.apache.maven.surefire.testng.TestNGXmlTestSuite.execute(TestNGXmlTestSuite.java:92)
	at org.apache.maven.surefire.testng.TestNGProvider.invoke(TestNGProvider.java:96)
	at sun.reflect.NativeMethodAccessorImpl.invoke0(Native Method)
	at sun.reflect.NativeMethodAccessorImpl.invoke(NativeMethodAccessorImpl.java:62)
	at sun.reflect.DelegatingMethodAccessorImpl.invoke(DelegatingMethodAccessorImpl.java:43)
	at java.lang.reflect.Method.invoke(Method.java:498)
	at org.apache.maven.surefire.util.ReflectionUtils.invokeMethodWithArray2(ReflectionUtils.java:208)
	at org.apache.maven.surefire.booter.ProviderFactory$ProviderProxy.invoke(ProviderFactory.java:158)
	at org.apache.maven.surefire.booter.ProviderFactory.invokeProvider(ProviderFactory.java:86)
	at org.apache.maven.surefire.booter.ForkedBooter.runSuitesInProcess(ForkedBooter.java:153)
	at org.apache.maven.surefire.booter.ForkedBooter.main(ForkedBooter.java:95)
</system-err>
  </testcase>
  <testcase name="ViewVoidDebitCard" classname="com.scripts.noen.CashierAndManagerTC.AddDebitCardManualSameCard" time="34.141">
    <failure message="Expected condition failed: waiting for visibility of element located by By.cssSelector: a#DebitCards_ViewDebitCard_Menu (tried for 30 second(s) with 500 MILLISECONDS interval)&#10;Build info: version: &apos;3.7.1&apos;, revision: &apos;8a0099a&apos;, time: &apos;2017-11-06T21:01:39.354Z&apos;&#10;System info: host: &apos;DFWQB9R2&apos;, ip: &apos;192.168.156.88&apos;, os.name: &apos;Windows 10&apos;, os.arch: &apos;amd64&apos;, os.version: &apos;10.0&apos;, java.version: &apos;1.8.0_162&apos;&#10;Driver info: org.openqa.selenium.ie.InternetExplorerDriver&#10;Capabilities {browserAttachTimeout: 0, browserName: internet explorer, elementScrollBehavior: 0, enableElementCacheCleanup: true, enablePersistentHover: true, ie.browserCommandLineSwitches: , ie.enableFullPageScreenshot: true, ie.ensureCleanSession: false, ie.fileUploadDialogTimeout: 3000, ie.forceCreateProcessApi: false, ie.forceShellWindowsApi: false, ignoreProtectedModeSettings: true, ignoreZoomSetting: false, initialBrowserUrl: http://localhost:1717/, javascriptEnabled: true, nativeEvents: true, pageLoadStrategy: normal, platform: WINDOWS, platformName: WINDOWS, requireWindowFocus: false, unexpectedAlertBehaviour: dismiss, unhandledPromptBehavior: dismiss, version: 11}&#10;Session ID: 4408b247-05e7-4810-8c61-cbdb6a95e2bf" type="org.openqa.selenium.TimeoutException">org.openqa.selenium.TimeoutException: Expected condition failed: waiting for visibility of element located by By.cssSelector: a#DebitCards_ViewDebitCard_Menu (tried for 30 second(s) with 500 MILLISECONDS interval)
Build info: version: '3.7.1', revision: '8a0099a', time: '2017-11-06T21:01:39.354Z'
System info: host: 'DFWQB9R2', ip: '192.168.156.88', os.name: 'Windows 10', os.arch: 'amd64', os.version: '10.0', java.version: '1.8.0_162'
Driver info: org.openqa.selenium.ie.InternetExplorerDriver
Capabilities {browserAttachTimeout: 0, browserName: internet explorer, elementScrollBehavior: 0, enableElementCacheCleanup: true, enablePersistentHover: true, ie.browserCommandLineSwitches: , ie.enableFullPageScreenshot: true, ie.ensureCleanSession: false, ie.fileUploadDialogTimeout: 3000, ie.forceCreateProcessApi: false, ie.forceShellWindowsApi: false, ignoreProtectedModeSettings: true, ignoreZoomSetting: false, initialBrowserUrl: http://localhost:1717/, javascriptEnabled: true, nativeEvents: true, pageLoadStrategy: normal, platform: WINDOWS, platformName: WINDOWS, requireWindowFocus: false, unexpectedAlertBehaviour: dismiss, unhandledPromptBehavior: dismiss, version: 11}
Session ID: 4408b247-05e7-4810-8c61-cbdb6a95e2bf
	at org.openqa.selenium.support.ui.WebDriverWait.timeoutException(WebDriverWait.java:82)
	at org.openqa.selenium.support.ui.FluentWait.until(FluentWait.java:231)
	at com.generic.WrapperFunctions.click(WrapperFunctions.java:730)
	at com.pageFactory.CashierManagerTC.TopNavigation_Credit.NavigteToViewDebitCards(TopNavigation_Credit.java:718)
	at com.scripts.noen.CashierAndManagerTC.AddDebitCardManualSameCard.ViewVoidDebitCard(AddDebitCardManualSameCard.java:49)
</failure>
    <system-out>Top Navigation Credit clicked
</system-out>
  </testcase>
  <testcase name="chequeAddViewVoid" classname="com.scripts.noen.CashierAndManagerTC.cheque_addViewVoidClear" time="60.455">
    <failure message="Element is no longer valid (WARNING: The server did not provide any stacktrace information)&#10;Command duration or timeout: 0 milliseconds&#10;For documentation on this error, please visit: http://seleniumhq.org/exceptions/stale_element_reference.html&#10;Build info: version: &apos;3.7.1&apos;, revision: &apos;8a0099a&apos;, time: &apos;2017-11-06T21:01:39.354Z&apos;&#10;System info: host: &apos;DFWQB9R2&apos;, ip: &apos;192.168.156.88&apos;, os.name: &apos;Windows 10&apos;, os.arch: &apos;amd64&apos;, os.version: &apos;10.0&apos;, java.version: &apos;1.8.0_162&apos;&#10;Driver info: org.openqa.selenium.ie.InternetExplorerDriver&#10;Capabilities {browserAttachTimeout: 0, browserName: internet explorer, elementScrollBehavior: 0, enableElementCacheCleanup: true, enablePersistentHover: true, ie.browserCommandLineSwitches: , ie.enableFullPageScreenshot: true, ie.ensureCleanSession: false, ie.fileUploadDialogTimeout: 3000, ie.forceCreateProcessApi: false, ie.forceShellWindowsApi: false, ignoreProtectedModeSettings: true, ignoreZoomSetting: false, initialBrowserUrl: http://localhost:35631/, javascriptEnabled: true, nativeEvents: true, pageLoadStrategy: normal, platform: WINDOWS, platformName: WINDOWS, requireWindowFocus: false, unexpectedAlertBehaviour: dismiss, unhandledPromptBehavior: dismiss, version: 11}&#10;Session ID: 96c13c5e-dff1-4cf9-8fa6-793e11f9e728" type="org.openqa.selenium.StaleElementReferenceException">org.openqa.selenium.StaleElementReferenceException: Element is no longer valid (WARNING: The server did not provide any stacktrace information)
Command duration or timeout: 0 milliseconds
For documentation on this error, please visit: http://seleniumhq.org/exceptions/stale_element_reference.html
Build info: version: '3.7.1', revision: '8a0099a', time: '2017-11-06T21:01:39.354Z'
System info: host: 'DFWQB9R2', ip: '192.168.156.88', os.name: 'Windows 10', os.arch: 'amd64', os.version: '10.0', java.version: '1.8.0_162'
Driver info: org.openqa.selenium.ie.InternetExplorerDriver
Capabilities {browserAttachTimeout: 0, browserName: internet explorer, elementScrollBehavior: 0, enableElementCacheCleanup: true, enablePersistentHover: true, ie.browserCommandLineSwitches: , ie.enableFullPageScreenshot: true, ie.ensureCleanSession: false, ie.fileUploadDialogTimeout: 3000, ie.forceCreateProcessApi: false, ie.forceShellWindowsApi: false, ignoreProtectedModeSettings: true, ignoreZoomSetting: false, initialBrowserUrl: http://localhost:35631/, javascriptEnabled: true, nativeEvents: true, pageLoadStrategy: normal, platform: WINDOWS, platformName: WINDOWS, requireWindowFocus: false, unexpectedAlertBehaviour: dismiss, unhandledPromptBehavior: dismiss, version: 11}
Session ID: 96c13c5e-dff1-4cf9-8fa6-793e11f9e728
	at sun.reflect.NativeConstructorAccessorImpl.newInstance0(Native Method)
	at sun.reflect.NativeConstructorAccessorImpl.newInstance(NativeConstructorAccessorImpl.java:62)
	at sun.reflect.DelegatingConstructorAccessorImpl.newInstance(DelegatingConstructorAccessorImpl.java:45)
	at java.lang.reflect.Constructor.newInstance(Constructor.java:423)
	at org.openqa.selenium.remote.ErrorHandler.createThrowable(ErrorHandler.java:214)
	at org.openqa.selenium.remote.ErrorHandler.throwIfResponseFailed(ErrorHandler.java:166)
	at org.openqa.selenium.remote.http.JsonHttpResponseCodec.reconstructValue(JsonHttpResponseCodec.java:40)
	at org.openqa.selenium.remote.http.AbstractHttpResponseCodec.decode(AbstractHttpResponseCodec.java:80)
	at org.openqa.selenium.remote.http.AbstractHttpResponseCodec.decode(AbstractHttpResponseCodec.java:44)
	at org.openqa.selenium.remote.HttpCommandExecutor.execute(HttpCommandExecutor.java:164)
	at org.openqa.selenium.remote.service.DriverCommandExecutor.execute(DriverCommandExecutor.java:83)
	at org.openqa.selenium.remote.RemoteWebDriver.execute(RemoteWebDriver.java:600)
	at org.openqa.selenium.remote.RemoteWebElement.execute(RemoteWebElement.java:279)
	at org.openqa.selenium.remote.RemoteWebElement.sendKeys(RemoteWebElement.java:100)
	at com.generic.WrapperFunctions.pressEnterBtn(WrapperFunctions.java:2179)
	at com.pageFactory.CashierManagerTC.TopNavigation_Credit.clickOkOrYes(TopNavigation_Credit.java:321)
	at com.pageFactory.CashierManagerTC.TopNavigation_Credit.addCheque(TopNavigation_Credit.java:448)
	at com.scripts.noen.CashierAndManagerTC.cheque_addViewVoidClear.chequeAddViewVoid(cheque_addViewVoidClear.java:32)
</failure>
    <system-out>Closing browser 
ScriptName : com.scripts.noen.CashierAndManagerTC.cheque_addViewVoidClear
RankGroup07
locator displayed By.xpath: //button[@class='btn btn-default'][contains(.,'OK')]
locator displayed By.xpath: //button[@class='btn btn-default'][contains(.,'OK')]
locator displayed By.xpath: //button[@class='btn btn-default'][contains(.,'OK')]
locator displayed By.xpath: //button[@class='btn btn-default'][contains(.,'OK')]
locator displayed By.xpath: //button[@class='btn btn-default'][contains(.,'OK')]
Top Navigation Credit clicked
find :By.xpath: //button[@data-ig-type='OK']
locator displayed By.cssSelector: button[data-ig-type='YES']
locator displayed By.cssSelector: button[data-ig-type='YES']
</system-out>
    <system-err>Started InternetExplorerDriver server (32-bit)
3.3.0.0
Listening on port 35631
Only local connections are allowed
Apr 09, 2019 12:20:05 PM org.openqa.selenium.remote.ProtocolHandshake createSession
INFO: Detected dialect: OSS
java.lang.Exception
	at com.generic.WrapperFunctions.verifyIsElementPresent(WrapperFunctions.java:634)
	at com.pageFactory.CashierManagerTC.TopNavigation_Credit.addCheque(TopNavigation_Credit.java:420)
	at com.scripts.noen.CashierAndManagerTC.cheque_addViewVoidClear.chequeAddViewVoid(cheque_addViewVoidClear.java:32)
	at sun.reflect.NativeMethodAccessorImpl.invoke0(Native Method)
	at sun.reflect.NativeMethodAccessorImpl.invoke(NativeMethodAccessorImpl.java:62)
	at sun.reflect.DelegatingMethodAccessorImpl.invoke(DelegatingMethodAccessorImpl.java:43)
	at java.lang.reflect.Method.invoke(Method.java:498)
	at org.testng.internal.MethodInvocationHelper.invokeMethod(MethodInvocationHelper.java:85)
	at org.testng.internal.Invoker.invokeMethod(Invoker.java:639)
	at org.testng.internal.Invoker.invokeTestMethod(Invoker.java:821)
	at org.testng.internal.Invoker.invokeTestMethods(Invoker.java:1131)
	at org.testng.internal.TestMethodWorker.invokeTestMethods(TestMethodWorker.java:124)
	at org.testng.internal.TestMethodWorker.run(TestMethodWorker.java:108)
	at org.testng.TestRunner.privateRun(TestRunner.java:773)
	at org.testng.TestRunner.run(TestRunner.java:623)
	at org.testng.SuiteRunner.runTest(SuiteRunner.java:357)
	at org.testng.SuiteRunner.runSequentially(SuiteRunner.java:352)
	at org.testng.SuiteRunner.privateRun(SuiteRunner.java:310)
	at org.testng.SuiteRunner.run(SuiteRunner.java:259)
	at org.testng.SuiteRunnerWorker.runSuite(SuiteRunnerWorker.java:52)
	at org.testng.SuiteRunnerWorker.run(SuiteRunnerWorker.java:86)
	at org.testng.TestNG.runSuitesSequentially(TestNG.java:1185)
	at org.testng.TestNG.runSuitesLocally(TestNG.java:1110)
	at org.testng.TestNG.run(TestNG.java:1018)
	at org.apache.maven.surefire.testng.TestNGExecutor.run(TestNGExecutor.java:178)
	at org.apache.maven.surefire.testng.TestNGXmlTestSuite.execute(TestNGXmlTestSuite.java:92)
	at org.apache.maven.surefire.testng.TestNGProvider.invoke(TestNGProvider.java:96)
	at sun.reflect.NativeMethodAccessorImpl.invoke0(Native Method)
	at sun.reflect.NativeMethodAccessorImpl.invoke(NativeMethodAccessorImpl.java:62)
	at sun.reflect.DelegatingMethodAccessorImpl.invoke(DelegatingMethodAccessorImpl.java:43)
	at java.lang.reflect.Method.invoke(Method.java:498)
	at org.apache.maven.surefire.util.ReflectionUtils.invokeMethodWithArray2(ReflectionUtils.java:208)
	at org.apache.maven.surefire.booter.ProviderFactory$ProviderProxy.invoke(ProviderFactory.java:158)
	at org.apache.maven.surefire.booter.ProviderFactory.invokeProvider(ProviderFactory.java:86)
	at org.apache.maven.surefire.booter.ForkedBooter.runSuitesInProcess(ForkedBooter.java:153)
	at org.apache.maven.surefire.booter.ForkedBooter.main(ForkedBooter.java:95)
</system-err>
  </testcase>
  <testcase name="globalCashAddViewVoid" classname="com.scripts.noen.CashierAndManagerTC.GlobalCash_AddViewVoid" time="164.793"/>
  <testcase name="viewCreditDetails" classname="com.scripts.desktopReception.customerProfile_ViewCreditDetail" time="46.844"/>
  <testcase name="DeleteCustomerProfile" classname="com.scripts.desktopReception.customerProfile_Delete" time="60.282"/>
</testsuite>