<?xml version="1.0" encoding="UTF-8"?>
<!-- Generated by org.testng.reporters.JUnitReportReporter -->
<testsuite hostname="DFWQB9R2" name="com.scripts.noen.CashierAndManagerTC.ViewAndVoidTransactions" tests="1" failures="0" timestamp="9 Apr 2019 17:04:25 GMT" time="45.262" errors="0">
  <testcase name="verifyBalancePageDetails" time="45.262" classname="com.scripts.noen.CashierAndManagerTC.ViewAndVoidTransactions"/>
</testsuite> <!-- com.scripts.noen.CashierAndManagerTC.ViewAndVoidTransactions -->
