<?xml version="1.0" encoding="UTF-8"?>
<!-- Generated by org.testng.reporters.JUnitReportReporter -->
<testsuite hostname="DFWQB9R2" name="com.scripts.noen.CashierAndManagerTC.ViewAndvoidTransactionFromViews" tests="1" failures="0" timestamp="9 Apr 2019 17:04:25 GMT" time="49.029" errors="0">
  <testcase name="checkViewAndvoidTransactionFromViews" time="49.029" classname="com.scripts.noen.CashierAndManagerTC.ViewAndvoidTransactionFromViews"/>
</testsuite> <!-- com.scripts.noen.CashierAndManagerTC.ViewAndvoidTransactionFromViews -->
