<?xml version="1.0" encoding="UTF-8"?>
<!-- Generated by org.testng.reporters.JUnitReportReporter -->
<testsuite hostname="DFWQB9R2" name="com.scripts.desktopReception.issueNewCard_LostAndReplacementCard" tests="1" failures="0" timestamp="9 Apr 2019 17:04:25 GMT" time="241.256" errors="0">
  <testcase name="issueNew_LostAndReplacementCardToCustomer" time="241.256" classname="com.scripts.desktopReception.issueNewCard_LostAndReplacementCard"/>
</testsuite> <!-- com.scripts.desktopReception.issueNewCard_LostAndReplacementCard -->
