<?xml version="1.0" encoding="UTF-8"?>
<!-- Generated by org.testng.reporters.JUnitReportReporter -->
<testsuite hostname="DFWQB9R2" name="com.scripts.desktopReception.tableProgressiveJackpotPayout" tests="1" failures="0" timestamp="9 Apr 2019 17:04:25 GMT" time="60.389" errors="0">
  <testcase name="verifyTableProgressiveJackpotPayout" time="60.389" classname="com.scripts.desktopReception.tableProgressiveJackpotPayout"/>
</testsuite> <!-- com.scripts.desktopReception.tableProgressiveJackpotPayout -->
