<?xml version="1.0" encoding="UTF-8"?>
<!-- Generated by org.testng.reporters.JUnitReportReporter -->
<testsuite hostname="DFWQB9R2" name="com.scripts.desktopReception.customerProfile_AddAssociates" tests="1" failures="0" timestamp="9 Apr 2019 17:04:25 GMT" time="316.239" errors="0">
  <testcase name="addAssociatesToCustomerProfile" time="316.239" classname="com.scripts.desktopReception.customerProfile_AddAssociates"/>
</testsuite> <!-- com.scripts.desktopReception.customerProfile_AddAssociates -->
