<?xml version="1.0" encoding="UTF-8"?>
<!-- Generated by org.testng.reporters.JUnitReportReporter -->
<testsuite hostname="DFWQB9R2" name="com.scripts.noen.CashierAndManagerTC.PlayerTracking_ViewHospitalityTransaction" tests="1" failures="0" timestamp="9 Apr 2019 17:04:25 GMT" time="38.500" errors="0">
  <testcase name="checkPlayerTrackingViewHospitalityTransaction" time="38.500" classname="com.scripts.noen.CashierAndManagerTC.PlayerTracking_ViewHospitalityTransaction"/>
</testsuite> <!-- com.scripts.noen.CashierAndManagerTC.PlayerTracking_ViewHospitalityTransaction -->
