<?xml version="1.0" encoding="UTF-8"?>
<!-- Generated by org.testng.reporters.JUnitReportReporter -->
<testsuite hostname="DFWQB9R2" name="com.scripts.desktopReception.sundryIncomeExpenses_Transcation" tests="1" failures="0" timestamp="9 Apr 2019 17:04:25 GMT" time="392.607" errors="0">
  <testcase name="VerifysundryIncomeExpenses" time="392.607" classname="com.scripts.desktopReception.sundryIncomeExpenses_Transcation"/>
</testsuite> <!-- com.scripts.desktopReception.sundryIncomeExpenses_Transcation -->
